

Started GET "/" for ::1 at 2015-07-27 15:54:46 -0400

ActiveRecord::PendingMigrationError (

Migrations are pending. To resolve this issue, run:

	bin/rake db:migrate RAILS_ENV=development

):
  activerecord (4.2.2) lib/active_record/migration.rb:393:in `check_pending!'
  activerecord (4.2.2) lib/active_record/migration.rb:374:in `call'
  actionpack (4.2.2) lib/action_dispatch/middleware/callbacks.rb:29:in `block in call'
  activesupport (4.2.2) lib/active_support/callbacks.rb:88:in `call'
  activesupport (4.2.2) lib/active_support/callbacks.rb:88:in `_run_callbacks'
  activesupport (4.2.2) lib/active_support/callbacks.rb:776:in `_run_call_callbacks'
  activesupport (4.2.2) lib/active_support/callbacks.rb:81:in `run_callbacks'
  actionpack (4.2.2) lib/action_dispatch/middleware/callbacks.rb:27:in `call'
  actionpack (4.2.2) lib/action_dispatch/middleware/reloader.rb:73:in `call'
  actionpack (4.2.2) lib/action_dispatch/middleware/remote_ip.rb:78:in `call'
  actionpack (4.2.2) lib/action_dispatch/middleware/debug_exceptions.rb:17:in `call'
  web-console (2.2.1) lib/web_console/middleware.rb:39:in `call'
  actionpack (4.2.2) lib/action_dispatch/middleware/show_exceptions.rb:30:in `call'
  railties (4.2.2) lib/rails/rack/logger.rb:38:in `call_app'
  railties (4.2.2) lib/rails/rack/logger.rb:20:in `block in call'
  activesupport (4.2.2) lib/active_support/tagged_logging.rb:68:in `block in tagged'
  activesupport (4.2.2) lib/active_support/tagged_logging.rb:26:in `tagged'
  activesupport (4.2.2) lib/active_support/tagged_logging.rb:68:in `tagged'
  railties (4.2.2) lib/rails/rack/logger.rb:20:in `call'
  actionpack (4.2.2) lib/action_dispatch/middleware/request_id.rb:21:in `call'
  rack (1.6.4) lib/rack/methodoverride.rb:22:in `call'
  rack (1.6.4) lib/rack/runtime.rb:18:in `call'
  activesupport (4.2.2) lib/active_support/cache/strategy/local_cache_middleware.rb:28:in `call'
  rack (1.6.4) lib/rack/lock.rb:17:in `call'
  actionpack (4.2.2) lib/action_dispatch/middleware/static.rb:113:in `call'
  rack (1.6.4) lib/rack/sendfile.rb:113:in `call'
  railties (4.2.2) lib/rails/engine.rb:518:in `call'
  railties (4.2.2) lib/rails/application.rb:164:in `call'
  rack (1.6.4) lib/rack/lock.rb:17:in `call'
  rack (1.6.4) lib/rack/content_length.rb:15:in `call'
  rack (1.6.4) lib/rack/handler/webrick.rb:88:in `service'
  /Users/nwood/.rbenv/versions/2.2.1/lib/ruby/2.2.0/webrick/httpserver.rb:138:in `service'
  /Users/nwood/.rbenv/versions/2.2.1/lib/ruby/2.2.0/webrick/httpserver.rb:94:in `run'
  /Users/nwood/.rbenv/versions/2.2.1/lib/ruby/2.2.0/webrick/server.rb:294:in `block in start_thread'


  Rendered /Users/nwood/.rbenv/versions/2.2.1/lib/ruby/gems/2.2.0/gems/actionpack-4.2.2/lib/action_dispatch/middleware/templates/rescues/_source.erb (2.1ms)
  Rendered /Users/nwood/.rbenv/versions/2.2.1/lib/ruby/gems/2.2.0/gems/actionpack-4.2.2/lib/action_dispatch/middleware/templates/rescues/_trace.html.erb (1.3ms)
  Rendered /Users/nwood/.rbenv/versions/2.2.1/lib/ruby/gems/2.2.0/gems/actionpack-4.2.2/lib/action_dispatch/middleware/templates/rescues/_request_and_response.html.erb (1.3ms)
  Rendered /Users/nwood/.rbenv/versions/2.2.1/lib/ruby/gems/2.2.0/gems/actionpack-4.2.2/lib/action_dispatch/middleware/templates/rescues/diagnostics.html.erb within rescues/layout (58.7ms)
  Rendered /Users/nwood/.rbenv/versions/2.2.1/lib/ruby/gems/2.2.0/gems/web-console-2.2.1/lib/web_console/templates/_markup.html.erb (0.4ms)
  Rendered /Users/nwood/.rbenv/versions/2.2.1/lib/ruby/gems/2.2.0/gems/web-console-2.2.1/lib/web_console/templates/_inner_console_markup.html.erb within layouts/inlined_string (0.3ms)
  Rendered /Users/nwood/.rbenv/versions/2.2.1/lib/ruby/gems/2.2.0/gems/web-console-2.2.1/lib/web_console/templates/_prompt_box_markup.html.erb within layouts/inlined_string (0.3ms)
  Rendered /Users/nwood/.rbenv/versions/2.2.1/lib/ruby/gems/2.2.0/gems/web-console-2.2.1/lib/web_console/templates/style.css.erb within layouts/inlined_string (0.5ms)
  Rendered /Users/nwood/.rbenv/versions/2.2.1/lib/ruby/gems/2.2.0/gems/web-console-2.2.1/lib/web_console/templates/console.js.erb within layouts/javascript (58.5ms)
  Rendered /Users/nwood/.rbenv/versions/2.2.1/lib/ruby/gems/2.2.0/gems/web-console-2.2.1/lib/web_console/templates/main.js.erb within layouts/javascript (0.3ms)
  Rendered /Users/nwood/.rbenv/versions/2.2.1/lib/ruby/gems/2.2.0/gems/web-console-2.2.1/lib/web_console/templates/error_page.js.erb within layouts/javascript (0.4ms)
  Rendered /Users/nwood/.rbenv/versions/2.2.1/lib/ruby/gems/2.2.0/gems/web-console-2.2.1/lib/web_console/templates/index.html.erb (131.9ms)
  [1m[36m (0.9ms)[0m  [1mCREATE TABLE "schema_migrations" ("version" varchar NOT NULL) [0m
  [1m[35m (0.1ms)[0m  select sqlite_version(*)
  [1m[36m (0.9ms)[0m  [1mCREATE UNIQUE INDEX "unique_schema_migrations" ON "schema_migrations" ("version")[0m
  [1m[35mActiveRecord::SchemaMigration Load (0.1ms)[0m  SELECT "schema_migrations".* FROM "schema_migrations"
Migrating to CreateUsers (20150727192420)
  [1m[36m (0.1ms)[0m  [1mbegin transaction[0m
  [1m[35m (0.4ms)[0m  CREATE TABLE "users" ("id" INTEGER PRIMARY KEY AUTOINCREMENT NOT NULL, "first_name" varchar, "last_name" varchar, "email" varchar, "password_digest" varchar, "created_at" datetime NOT NULL, "updated_at" datetime NOT NULL) 
  [1m[36mSQL (0.2ms)[0m  [1mINSERT INTO "schema_migrations" ("version") VALUES (?)[0m  [["version", "20150727192420"]]
  [1m[35m (0.7ms)[0m  commit transaction
Migrating to CreatePlants (20150727193027)
  [1m[36m (0.0ms)[0m  [1mbegin transaction[0m
  [1m[35m (0.4ms)[0m  CREATE TABLE "plants" ("id" INTEGER PRIMARY KEY AUTOINCREMENT NOT NULL, "plant_name" varchar, "description" text, "notes" text, "moisture_threshold" integer, "temp_threshold" integer, "sensor_id" integer, "user_id" integer, "created_at" datetime NOT NULL, "updated_at" datetime NOT NULL) 
  [1m[36mSQL (0.1ms)[0m  [1mINSERT INTO "schema_migrations" ("version") VALUES (?)[0m  [["version", "20150727193027"]]
  [1m[35m (0.6ms)[0m  commit transaction
Migrating to AddIndexestoPlants (20150727193631)
  [1m[36m (0.1ms)[0m  [1mbegin transaction[0m
  [1m[35m (0.3ms)[0m  CREATE  INDEX "index_plants_on_sensor_id" ON "plants" ("sensor_id")
  [1m[36m (0.1ms)[0m  [1m            SELECT sql
            FROM sqlite_master
            WHERE name='index_plants_on_sensor_id' AND type='index'
            UNION ALL
            SELECT sql
            FROM sqlite_temp_master
            WHERE name='index_plants_on_sensor_id' AND type='index'
[0m
  [1m[35m (0.1ms)[0m  CREATE  INDEX "index_plants_on_user_id" ON "plants" ("user_id")
  [1m[36mSQL (0.1ms)[0m  [1mINSERT INTO "schema_migrations" ("version") VALUES (?)[0m  [["version", "20150727193631"]]
  [1m[35m (0.7ms)[0m  commit transaction
  [1m[36mActiveRecord::SchemaMigration Load (0.1ms)[0m  [1mSELECT "schema_migrations".* FROM "schema_migrations"[0m
  [1m[35m (0.1ms)[0m              SELECT sql
            FROM sqlite_master
            WHERE name='index_plants_on_user_id' AND type='index'
            UNION ALL
            SELECT sql
            FROM sqlite_temp_master
            WHERE name='index_plants_on_user_id' AND type='index'

  [1m[36m (0.1ms)[0m  [1m            SELECT sql
            FROM sqlite_master
            WHERE name='index_plants_on_sensor_id' AND type='index'
            UNION ALL
            SELECT sql
            FROM sqlite_temp_master
            WHERE name='index_plants_on_sensor_id' AND type='index'
[0m


Started GET "/" for ::1 at 2015-07-27 15:55:40 -0400
  [1m[36mActiveRecord::SchemaMigration Load (0.1ms)[0m  [1mSELECT "schema_migrations".* FROM "schema_migrations"[0m
Processing by Rails::WelcomeController#index as HTML
  Rendered /Users/nwood/.rbenv/versions/2.2.1/lib/ruby/gems/2.2.0/gems/railties-4.2.2/lib/rails/templates/rails/welcome/index.html.erb (1.8ms)
Completed 200 OK in 21ms (Views: 11.7ms | ActiveRecord: 0.0ms)


Started GET "/" for ::1 at 2015-07-27 16:03:28 -0400
  [1m[36mActiveRecord::SchemaMigration Load (0.4ms)[0m  [1mSELECT "schema_migrations".* FROM "schema_migrations"[0m
Processing by Rails::WelcomeController#index as HTML
  Rendered /Users/nwood/.rbenv/versions/2.2.1/lib/ruby/gems/2.2.0/gems/railties-4.2.2/lib/rails/templates/rails/welcome/index.html.erb (2.8ms)
Completed 200 OK in 20ms (Views: 10.9ms | ActiveRecord: 0.0ms)


Started GET "/plants" for ::1 at 2015-07-27 16:03:33 -0400
Processing by PlantsController#index as HTML
  [1m[35mPlant Load (0.4ms)[0m  SELECT "plants".* FROM "plants"
  Rendered collection (0.0ms)
  Rendered plants/index.html.erb within layouts/application (6.1ms)
Completed 200 OK in 1440ms (Views: 1435.9ms | ActiveRecord: 0.6ms)


Started GET "/assets/plants.self-e3b0c44298fc1c149afbf4c8996fb92427ae41e4649b934ca495991b7852b855.css?body=1" for ::1 at 2015-07-27 16:03:34 -0400


Started GET "/assets/plants.self-877aef30ae1b040ab8a3aba4e3e309a11d7f2612f44dde450b5c157aa5f95c05.js?body=1" for ::1 at 2015-07-27 16:03:34 -0400
  [1m[36m (13.8ms)[0m  [1mCREATE TABLE "schema_migrations" ("version" character varying NOT NULL) [0m
  [1m[35m (1.4ms)[0m  CREATE UNIQUE INDEX  "unique_schema_migrations" ON "schema_migrations"  ("version")
  [1m[36mActiveRecord::SchemaMigration Load (0.6ms)[0m  [1mSELECT "schema_migrations".* FROM "schema_migrations"[0m
Migrating to CreateUsers (20150727192420)
  [1m[35m (0.2ms)[0m  BEGIN
  [1m[36m (9.2ms)[0m  [1mCREATE TABLE "users" ("id" serial primary key, "first_name" character varying, "last_name" character varying, "email" character varying, "password_digest" character varying, "created_at" timestamp NOT NULL, "updated_at" timestamp NOT NULL) [0m
  [1m[35mSQL (0.9ms)[0m  INSERT INTO "schema_migrations" ("version") VALUES ($1)  [["version", "20150727192420"]]
  [1m[36m (0.6ms)[0m  [1mCOMMIT[0m
Migrating to CreatePlants (20150727193027)
  [1m[35m (0.3ms)[0m  BEGIN
  [1m[36m (4.0ms)[0m  [1mCREATE TABLE "plants" ("id" serial primary key, "plant_name" character varying, "description" text, "notes" text, "moisture_threshold" integer, "temp_threshold" integer, "sensor_id" integer, "user_id" integer, "created_at" timestamp NOT NULL, "updated_at" timestamp NOT NULL) [0m
  [1m[35mSQL (0.7ms)[0m  INSERT INTO "schema_migrations" ("version") VALUES ($1)  [["version", "20150727193027"]]
  [1m[36m (0.5ms)[0m  [1mCOMMIT[0m
Migrating to AddIndexestoPlants (20150727193631)
  [1m[35m (0.3ms)[0m  BEGIN
  [1m[36m (1.3ms)[0m  [1mCREATE  INDEX  "index_plants_on_sensor_id" ON "plants"  ("sensor_id")[0m
  [1m[35m (1.0ms)[0m  CREATE  INDEX  "index_plants_on_user_id" ON "plants"  ("user_id")
  [1m[36mSQL (0.2ms)[0m  [1mINSERT INTO "schema_migrations" ("version") VALUES ($1)[0m  [["version", "20150727193631"]]
  [1m[35m (0.4ms)[0m  COMMIT
  [1m[36mActiveRecord::SchemaMigration Load (0.3ms)[0m  [1mSELECT "schema_migrations".* FROM "schema_migrations"[0m
  [1m[35m (3.5ms)[0m  SELECT t2.oid::regclass::text AS to_table, a1.attname AS column, a2.attname AS primary_key, c.conname AS name, c.confupdtype AS on_update, c.confdeltype AS on_delete
FROM pg_constraint c
JOIN pg_class t1 ON c.conrelid = t1.oid
JOIN pg_class t2 ON c.confrelid = t2.oid
JOIN pg_attribute a1 ON a1.attnum = c.conkey[1] AND a1.attrelid = t1.oid
JOIN pg_attribute a2 ON a2.attnum = c.confkey[1] AND a2.attrelid = t2.oid
JOIN pg_namespace t3 ON c.connamespace = t3.oid
WHERE c.contype = 'f'
  AND t1.relname = 'plants'
  AND t3.nspname = ANY (current_schemas(false))
ORDER BY c.conname

  [1m[36m (3.0ms)[0m  [1mSELECT t2.oid::regclass::text AS to_table, a1.attname AS column, a2.attname AS primary_key, c.conname AS name, c.confupdtype AS on_update, c.confdeltype AS on_delete
FROM pg_constraint c
JOIN pg_class t1 ON c.conrelid = t1.oid
JOIN pg_class t2 ON c.confrelid = t2.oid
JOIN pg_attribute a1 ON a1.attnum = c.conkey[1] AND a1.attrelid = t1.oid
JOIN pg_attribute a2 ON a2.attnum = c.confkey[1] AND a2.attrelid = t2.oid
JOIN pg_namespace t3 ON c.connamespace = t3.oid
WHERE c.contype = 'f'
  AND t1.relname = 'users'
  AND t3.nspname = ANY (current_schemas(false))
ORDER BY c.conname
[0m


Started GET "/pages/homepage" for ::1 at 2015-07-27 17:16:53 -0400

PG::ConnectionBad (could not connect to server: Connection refused
	Is the server running on host "localhost" (::1) and accepting
	TCP/IP connections on port 5432?
could not connect to server: Connection refused
	Is the server running on host "localhost" (127.0.0.1) and accepting
	TCP/IP connections on port 5432?
could not connect to server: Connection refused
	Is the server running on host "localhost" (fe80::1) and accepting
	TCP/IP connections on port 5432?
):
  activerecord (4.2.2) lib/active_record/connection_adapters/postgresql_adapter.rb:651:in `initialize'
  activerecord (4.2.2) lib/active_record/connection_adapters/postgresql_adapter.rb:651:in `new'
  activerecord (4.2.2) lib/active_record/connection_adapters/postgresql_adapter.rb:651:in `connect'
  activerecord (4.2.2) lib/active_record/connection_adapters/postgresql_adapter.rb:242:in `initialize'
  activerecord (4.2.2) lib/active_record/connection_adapters/postgresql_adapter.rb:44:in `new'
  activerecord (4.2.2) lib/active_record/connection_adapters/postgresql_adapter.rb:44:in `postgresql_connection'
  activerecord (4.2.2) lib/active_record/connection_adapters/abstract/connection_pool.rb:438:in `new_connection'
  activerecord (4.2.2) lib/active_record/connection_adapters/abstract/connection_pool.rb:448:in `checkout_new_connection'
  activerecord (4.2.2) lib/active_record/connection_adapters/abstract/connection_pool.rb:422:in `acquire_connection'
  activerecord (4.2.2) lib/active_record/connection_adapters/abstract/connection_pool.rb:349:in `block in checkout'
  /Users/rheaganapathy/.rbenv/versions/2.2.2/lib/ruby/2.2.0/monitor.rb:211:in `mon_synchronize'
  activerecord (4.2.2) lib/active_record/connection_adapters/abstract/connection_pool.rb:348:in `checkout'
  activerecord (4.2.2) lib/active_record/connection_adapters/abstract/connection_pool.rb:263:in `block in connection'
  /Users/rheaganapathy/.rbenv/versions/2.2.2/lib/ruby/2.2.0/monitor.rb:211:in `mon_synchronize'
  activerecord (4.2.2) lib/active_record/connection_adapters/abstract/connection_pool.rb:262:in `connection'
  activerecord (4.2.2) lib/active_record/connection_adapters/abstract/connection_pool.rb:567:in `retrieve_connection'
  activerecord (4.2.2) lib/active_record/connection_handling.rb:113:in `retrieve_connection'
  activerecord (4.2.2) lib/active_record/connection_handling.rb:87:in `connection'
  activerecord (4.2.2) lib/active_record/migration.rb:384:in `connection'
  activerecord (4.2.2) lib/active_record/migration.rb:371:in `call'
  actionpack (4.2.2) lib/action_dispatch/middleware/callbacks.rb:29:in `block in call'
  activesupport (4.2.2) lib/active_support/callbacks.rb:88:in `call'
  activesupport (4.2.2) lib/active_support/callbacks.rb:88:in `_run_callbacks'
  activesupport (4.2.2) lib/active_support/callbacks.rb:776:in `_run_call_callbacks'
  activesupport (4.2.2) lib/active_support/callbacks.rb:81:in `run_callbacks'
  actionpack (4.2.2) lib/action_dispatch/middleware/callbacks.rb:27:in `call'
  actionpack (4.2.2) lib/action_dispatch/middleware/reloader.rb:73:in `call'
  actionpack (4.2.2) lib/action_dispatch/middleware/remote_ip.rb:78:in `call'
  actionpack (4.2.2) lib/action_dispatch/middleware/debug_exceptions.rb:17:in `call'
  web-console (2.2.1) lib/web_console/middleware.rb:39:in `call'
  actionpack (4.2.2) lib/action_dispatch/middleware/show_exceptions.rb:30:in `call'
  railties (4.2.2) lib/rails/rack/logger.rb:38:in `call_app'
  railties (4.2.2) lib/rails/rack/logger.rb:20:in `block in call'
  activesupport (4.2.2) lib/active_support/tagged_logging.rb:68:in `block in tagged'
  activesupport (4.2.2) lib/active_support/tagged_logging.rb:26:in `tagged'
  activesupport (4.2.2) lib/active_support/tagged_logging.rb:68:in `tagged'
  railties (4.2.2) lib/rails/rack/logger.rb:20:in `call'
  actionpack (4.2.2) lib/action_dispatch/middleware/request_id.rb:21:in `call'
  rack (1.6.4) lib/rack/methodoverride.rb:22:in `call'
  rack (1.6.4) lib/rack/runtime.rb:18:in `call'
  activesupport (4.2.2) lib/active_support/cache/strategy/local_cache_middleware.rb:28:in `call'
  rack (1.6.4) lib/rack/lock.rb:17:in `call'
  actionpack (4.2.2) lib/action_dispatch/middleware/static.rb:113:in `call'
  rack (1.6.4) lib/rack/sendfile.rb:113:in `call'
  railties (4.2.2) lib/rails/engine.rb:518:in `call'
  railties (4.2.2) lib/rails/application.rb:164:in `call'
  rack (1.6.4) lib/rack/lock.rb:17:in `call'
  rack (1.6.4) lib/rack/content_length.rb:15:in `call'
  rack (1.6.4) lib/rack/handler/webrick.rb:88:in `service'
  /Users/rheaganapathy/.rbenv/versions/2.2.2/lib/ruby/2.2.0/webrick/httpserver.rb:138:in `service'
  /Users/rheaganapathy/.rbenv/versions/2.2.2/lib/ruby/2.2.0/webrick/httpserver.rb:94:in `run'
  /Users/rheaganapathy/.rbenv/versions/2.2.2/lib/ruby/2.2.0/webrick/server.rb:294:in `block in start_thread'


  Rendered /Users/rheaganapathy/.rbenv/versions/2.2.2/lib/ruby/gems/2.2.0/gems/actionpack-4.2.2/lib/action_dispatch/middleware/templates/rescues/_source.erb (5.7ms)
  Rendered /Users/rheaganapathy/.rbenv/versions/2.2.2/lib/ruby/gems/2.2.0/gems/actionpack-4.2.2/lib/action_dispatch/middleware/templates/rescues/_trace.html.erb (2.8ms)
  Rendered /Users/rheaganapathy/.rbenv/versions/2.2.2/lib/ruby/gems/2.2.0/gems/actionpack-4.2.2/lib/action_dispatch/middleware/templates/rescues/_request_and_response.html.erb (1.3ms)
  Rendered /Users/rheaganapathy/.rbenv/versions/2.2.2/lib/ruby/gems/2.2.0/gems/actionpack-4.2.2/lib/action_dispatch/middleware/templates/rescues/diagnostics.html.erb within rescues/layout (126.4ms)
  Rendered /Users/rheaganapathy/.rbenv/versions/2.2.2/lib/ruby/gems/2.2.0/gems/web-console-2.2.1/lib/web_console/templates/_markup.html.erb (0.7ms)
  Rendered /Users/rheaganapathy/.rbenv/versions/2.2.2/lib/ruby/gems/2.2.0/gems/web-console-2.2.1/lib/web_console/templates/_inner_console_markup.html.erb within layouts/inlined_string (0.5ms)
  Rendered /Users/rheaganapathy/.rbenv/versions/2.2.2/lib/ruby/gems/2.2.0/gems/web-console-2.2.1/lib/web_console/templates/_prompt_box_markup.html.erb within layouts/inlined_string (0.4ms)
  Rendered /Users/rheaganapathy/.rbenv/versions/2.2.2/lib/ruby/gems/2.2.0/gems/web-console-2.2.1/lib/web_console/templates/style.css.erb within layouts/inlined_string (0.5ms)
  Rendered /Users/rheaganapathy/.rbenv/versions/2.2.2/lib/ruby/gems/2.2.0/gems/web-console-2.2.1/lib/web_console/templates/console.js.erb within layouts/javascript (90.8ms)
  Rendered /Users/rheaganapathy/.rbenv/versions/2.2.2/lib/ruby/gems/2.2.0/gems/web-console-2.2.1/lib/web_console/templates/main.js.erb within layouts/javascript (0.4ms)
  Rendered /Users/rheaganapathy/.rbenv/versions/2.2.2/lib/ruby/gems/2.2.0/gems/web-console-2.2.1/lib/web_console/templates/error_page.js.erb within layouts/javascript (0.6ms)
  Rendered /Users/rheaganapathy/.rbenv/versions/2.2.2/lib/ruby/gems/2.2.0/gems/web-console-2.2.1/lib/web_console/templates/index.html.erb (205.7ms)


Started GET "/plants" for ::1 at 2015-07-27 17:16:55 -0400

PG::ConnectionBad (could not connect to server: Connection refused
	Is the server running on host "localhost" (::1) and accepting
	TCP/IP connections on port 5432?
could not connect to server: Connection refused
	Is the server running on host "localhost" (127.0.0.1) and accepting
	TCP/IP connections on port 5432?
could not connect to server: Connection refused
	Is the server running on host "localhost" (fe80::1) and accepting
	TCP/IP connections on port 5432?
):
  activerecord (4.2.2) lib/active_record/connection_adapters/postgresql_adapter.rb:651:in `initialize'
  activerecord (4.2.2) lib/active_record/connection_adapters/postgresql_adapter.rb:651:in `new'
  activerecord (4.2.2) lib/active_record/connection_adapters/postgresql_adapter.rb:651:in `connect'
  activerecord (4.2.2) lib/active_record/connection_adapters/postgresql_adapter.rb:242:in `initialize'
  activerecord (4.2.2) lib/active_record/connection_adapters/postgresql_adapter.rb:44:in `new'
  activerecord (4.2.2) lib/active_record/connection_adapters/postgresql_adapter.rb:44:in `postgresql_connection'
  activerecord (4.2.2) lib/active_record/connection_adapters/abstract/connection_pool.rb:438:in `new_connection'
  activerecord (4.2.2) lib/active_record/connection_adapters/abstract/connection_pool.rb:448:in `checkout_new_connection'
  activerecord (4.2.2) lib/active_record/connection_adapters/abstract/connection_pool.rb:422:in `acquire_connection'
  activerecord (4.2.2) lib/active_record/connection_adapters/abstract/connection_pool.rb:349:in `block in checkout'
  /Users/rheaganapathy/.rbenv/versions/2.2.2/lib/ruby/2.2.0/monitor.rb:211:in `mon_synchronize'
  activerecord (4.2.2) lib/active_record/connection_adapters/abstract/connection_pool.rb:348:in `checkout'
  activerecord (4.2.2) lib/active_record/connection_adapters/abstract/connection_pool.rb:263:in `block in connection'
  /Users/rheaganapathy/.rbenv/versions/2.2.2/lib/ruby/2.2.0/monitor.rb:211:in `mon_synchronize'
  activerecord (4.2.2) lib/active_record/connection_adapters/abstract/connection_pool.rb:262:in `connection'
  activerecord (4.2.2) lib/active_record/connection_adapters/abstract/connection_pool.rb:567:in `retrieve_connection'
  activerecord (4.2.2) lib/active_record/connection_handling.rb:113:in `retrieve_connection'
  activerecord (4.2.2) lib/active_record/connection_handling.rb:87:in `connection'
  activerecord (4.2.2) lib/active_record/migration.rb:384:in `connection'
  activerecord (4.2.2) lib/active_record/migration.rb:371:in `call'
  actionpack (4.2.2) lib/action_dispatch/middleware/callbacks.rb:29:in `block in call'
  activesupport (4.2.2) lib/active_support/callbacks.rb:88:in `call'
  activesupport (4.2.2) lib/active_support/callbacks.rb:88:in `_run_callbacks'
  activesupport (4.2.2) lib/active_support/callbacks.rb:776:in `_run_call_callbacks'
  activesupport (4.2.2) lib/active_support/callbacks.rb:81:in `run_callbacks'
  actionpack (4.2.2) lib/action_dispatch/middleware/callbacks.rb:27:in `call'
  actionpack (4.2.2) lib/action_dispatch/middleware/reloader.rb:73:in `call'
  actionpack (4.2.2) lib/action_dispatch/middleware/remote_ip.rb:78:in `call'
  actionpack (4.2.2) lib/action_dispatch/middleware/debug_exceptions.rb:17:in `call'
  web-console (2.2.1) lib/web_console/middleware.rb:39:in `call'
  actionpack (4.2.2) lib/action_dispatch/middleware/show_exceptions.rb:30:in `call'
  railties (4.2.2) lib/rails/rack/logger.rb:38:in `call_app'
  railties (4.2.2) lib/rails/rack/logger.rb:20:in `block in call'
  activesupport (4.2.2) lib/active_support/tagged_logging.rb:68:in `block in tagged'
  activesupport (4.2.2) lib/active_support/tagged_logging.rb:26:in `tagged'
  activesupport (4.2.2) lib/active_support/tagged_logging.rb:68:in `tagged'
  railties (4.2.2) lib/rails/rack/logger.rb:20:in `call'
  actionpack (4.2.2) lib/action_dispatch/middleware/request_id.rb:21:in `call'
  rack (1.6.4) lib/rack/methodoverride.rb:22:in `call'
  rack (1.6.4) lib/rack/runtime.rb:18:in `call'
  activesupport (4.2.2) lib/active_support/cache/strategy/local_cache_middleware.rb:28:in `call'
  rack (1.6.4) lib/rack/lock.rb:17:in `call'
  actionpack (4.2.2) lib/action_dispatch/middleware/static.rb:113:in `call'
  rack (1.6.4) lib/rack/sendfile.rb:113:in `call'
  railties (4.2.2) lib/rails/engine.rb:518:in `call'
  railties (4.2.2) lib/rails/application.rb:164:in `call'
  rack (1.6.4) lib/rack/lock.rb:17:in `call'
  rack (1.6.4) lib/rack/content_length.rb:15:in `call'
  rack (1.6.4) lib/rack/handler/webrick.rb:88:in `service'
  /Users/rheaganapathy/.rbenv/versions/2.2.2/lib/ruby/2.2.0/webrick/httpserver.rb:138:in `service'
  /Users/rheaganapathy/.rbenv/versions/2.2.2/lib/ruby/2.2.0/webrick/httpserver.rb:94:in `run'
  /Users/rheaganapathy/.rbenv/versions/2.2.2/lib/ruby/2.2.0/webrick/server.rb:294:in `block in start_thread'


  Rendered /Users/rheaganapathy/.rbenv/versions/2.2.2/lib/ruby/gems/2.2.0/gems/actionpack-4.2.2/lib/action_dispatch/middleware/templates/rescues/_source.erb (5.8ms)
  Rendered /Users/rheaganapathy/.rbenv/versions/2.2.2/lib/ruby/gems/2.2.0/gems/actionpack-4.2.2/lib/action_dispatch/middleware/templates/rescues/_trace.html.erb (2.9ms)
  Rendered /Users/rheaganapathy/.rbenv/versions/2.2.2/lib/ruby/gems/2.2.0/gems/actionpack-4.2.2/lib/action_dispatch/middleware/templates/rescues/_request_and_response.html.erb (1.3ms)
  Rendered /Users/rheaganapathy/.rbenv/versions/2.2.2/lib/ruby/gems/2.2.0/gems/actionpack-4.2.2/lib/action_dispatch/middleware/templates/rescues/diagnostics.html.erb within rescues/layout (111.6ms)
  Rendered /Users/rheaganapathy/.rbenv/versions/2.2.2/lib/ruby/gems/2.2.0/gems/web-console-2.2.1/lib/web_console/templates/_markup.html.erb (0.6ms)
  Rendered /Users/rheaganapathy/.rbenv/versions/2.2.2/lib/ruby/gems/2.2.0/gems/web-console-2.2.1/lib/web_console/templates/_inner_console_markup.html.erb within layouts/inlined_string (0.5ms)
  Rendered /Users/rheaganapathy/.rbenv/versions/2.2.2/lib/ruby/gems/2.2.0/gems/web-console-2.2.1/lib/web_console/templates/_prompt_box_markup.html.erb within layouts/inlined_string (1.1ms)
  Rendered /Users/rheaganapathy/.rbenv/versions/2.2.2/lib/ruby/gems/2.2.0/gems/web-console-2.2.1/lib/web_console/templates/style.css.erb within layouts/inlined_string (0.6ms)
  Rendered /Users/rheaganapathy/.rbenv/versions/2.2.2/lib/ruby/gems/2.2.0/gems/web-console-2.2.1/lib/web_console/templates/console.js.erb within layouts/javascript (112.3ms)
  Rendered /Users/rheaganapathy/.rbenv/versions/2.2.2/lib/ruby/gems/2.2.0/gems/web-console-2.2.1/lib/web_console/templates/main.js.erb within layouts/javascript (0.5ms)
  Rendered /Users/rheaganapathy/.rbenv/versions/2.2.2/lib/ruby/gems/2.2.0/gems/web-console-2.2.1/lib/web_console/templates/error_page.js.erb within layouts/javascript (0.6ms)
  Rendered /Users/rheaganapathy/.rbenv/versions/2.2.2/lib/ruby/gems/2.2.0/gems/web-console-2.2.1/lib/web_console/templates/index.html.erb (243.1ms)


Started GET "/plants" for ::1 at 2015-07-27 17:22:17 -0400

ActiveRecord::NoDatabaseError (FATAL:  database "gnomely_development" does not exist
):
  activerecord (4.2.2) lib/active_record/connection_adapters/postgresql_adapter.rb:661:in `rescue in connect'
  activerecord (4.2.2) lib/active_record/connection_adapters/postgresql_adapter.rb:651:in `connect'
  activerecord (4.2.2) lib/active_record/connection_adapters/postgresql_adapter.rb:242:in `initialize'
  activerecord (4.2.2) lib/active_record/connection_adapters/postgresql_adapter.rb:44:in `new'
  activerecord (4.2.2) lib/active_record/connection_adapters/postgresql_adapter.rb:44:in `postgresql_connection'
  activerecord (4.2.2) lib/active_record/connection_adapters/abstract/connection_pool.rb:438:in `new_connection'
  activerecord (4.2.2) lib/active_record/connection_adapters/abstract/connection_pool.rb:448:in `checkout_new_connection'
  activerecord (4.2.2) lib/active_record/connection_adapters/abstract/connection_pool.rb:422:in `acquire_connection'
  activerecord (4.2.2) lib/active_record/connection_adapters/abstract/connection_pool.rb:349:in `block in checkout'
  /Users/rheaganapathy/.rbenv/versions/2.2.2/lib/ruby/2.2.0/monitor.rb:211:in `mon_synchronize'
  activerecord (4.2.2) lib/active_record/connection_adapters/abstract/connection_pool.rb:348:in `checkout'
  activerecord (4.2.2) lib/active_record/connection_adapters/abstract/connection_pool.rb:263:in `block in connection'
  /Users/rheaganapathy/.rbenv/versions/2.2.2/lib/ruby/2.2.0/monitor.rb:211:in `mon_synchronize'
  activerecord (4.2.2) lib/active_record/connection_adapters/abstract/connection_pool.rb:262:in `connection'
  activerecord (4.2.2) lib/active_record/connection_adapters/abstract/connection_pool.rb:567:in `retrieve_connection'
  activerecord (4.2.2) lib/active_record/connection_handling.rb:113:in `retrieve_connection'
  activerecord (4.2.2) lib/active_record/connection_handling.rb:87:in `connection'
  activerecord (4.2.2) lib/active_record/migration.rb:384:in `connection'
  activerecord (4.2.2) lib/active_record/migration.rb:371:in `call'
  actionpack (4.2.2) lib/action_dispatch/middleware/callbacks.rb:29:in `block in call'
  activesupport (4.2.2) lib/active_support/callbacks.rb:88:in `call'
  activesupport (4.2.2) lib/active_support/callbacks.rb:88:in `_run_callbacks'
  activesupport (4.2.2) lib/active_support/callbacks.rb:776:in `_run_call_callbacks'
  activesupport (4.2.2) lib/active_support/callbacks.rb:81:in `run_callbacks'
  actionpack (4.2.2) lib/action_dispatch/middleware/callbacks.rb:27:in `call'
  actionpack (4.2.2) lib/action_dispatch/middleware/reloader.rb:73:in `call'
  actionpack (4.2.2) lib/action_dispatch/middleware/remote_ip.rb:78:in `call'
  actionpack (4.2.2) lib/action_dispatch/middleware/debug_exceptions.rb:17:in `call'
  web-console (2.2.1) lib/web_console/middleware.rb:39:in `call'
  actionpack (4.2.2) lib/action_dispatch/middleware/show_exceptions.rb:30:in `call'
  railties (4.2.2) lib/rails/rack/logger.rb:38:in `call_app'
  railties (4.2.2) lib/rails/rack/logger.rb:20:in `block in call'
  activesupport (4.2.2) lib/active_support/tagged_logging.rb:68:in `block in tagged'
  activesupport (4.2.2) lib/active_support/tagged_logging.rb:26:in `tagged'
  activesupport (4.2.2) lib/active_support/tagged_logging.rb:68:in `tagged'
  railties (4.2.2) lib/rails/rack/logger.rb:20:in `call'
  actionpack (4.2.2) lib/action_dispatch/middleware/request_id.rb:21:in `call'
  rack (1.6.4) lib/rack/methodoverride.rb:22:in `call'
  rack (1.6.4) lib/rack/runtime.rb:18:in `call'
  activesupport (4.2.2) lib/active_support/cache/strategy/local_cache_middleware.rb:28:in `call'
  rack (1.6.4) lib/rack/lock.rb:17:in `call'
  actionpack (4.2.2) lib/action_dispatch/middleware/static.rb:113:in `call'
  rack (1.6.4) lib/rack/sendfile.rb:113:in `call'
  railties (4.2.2) lib/rails/engine.rb:518:in `call'
  railties (4.2.2) lib/rails/application.rb:164:in `call'
  rack (1.6.4) lib/rack/lock.rb:17:in `call'
  rack (1.6.4) lib/rack/content_length.rb:15:in `call'
  rack (1.6.4) lib/rack/handler/webrick.rb:88:in `service'
  /Users/rheaganapathy/.rbenv/versions/2.2.2/lib/ruby/2.2.0/webrick/httpserver.rb:138:in `service'
  /Users/rheaganapathy/.rbenv/versions/2.2.2/lib/ruby/2.2.0/webrick/httpserver.rb:94:in `run'
  /Users/rheaganapathy/.rbenv/versions/2.2.2/lib/ruby/2.2.0/webrick/server.rb:294:in `block in start_thread'


  Rendered /Users/rheaganapathy/.rbenv/versions/2.2.2/lib/ruby/gems/2.2.0/gems/actionpack-4.2.2/lib/action_dispatch/middleware/templates/rescues/_source.erb (5.5ms)
  Rendered /Users/rheaganapathy/.rbenv/versions/2.2.2/lib/ruby/gems/2.2.0/gems/actionpack-4.2.2/lib/action_dispatch/middleware/templates/rescues/_trace.html.erb (2.8ms)
  Rendered /Users/rheaganapathy/.rbenv/versions/2.2.2/lib/ruby/gems/2.2.0/gems/actionpack-4.2.2/lib/action_dispatch/middleware/templates/rescues/_request_and_response.html.erb (1.3ms)
  Rendered /Users/rheaganapathy/.rbenv/versions/2.2.2/lib/ruby/gems/2.2.0/gems/actionpack-4.2.2/lib/action_dispatch/middleware/templates/rescues/diagnostics.html.erb within rescues/layout (104.2ms)
  Rendered /Users/rheaganapathy/.rbenv/versions/2.2.2/lib/ruby/gems/2.2.0/gems/web-console-2.2.1/lib/web_console/templates/_markup.html.erb (0.5ms)
  Rendered /Users/rheaganapathy/.rbenv/versions/2.2.2/lib/ruby/gems/2.2.0/gems/web-console-2.2.1/lib/web_console/templates/_inner_console_markup.html.erb within layouts/inlined_string (0.5ms)
  Rendered /Users/rheaganapathy/.rbenv/versions/2.2.2/lib/ruby/gems/2.2.0/gems/web-console-2.2.1/lib/web_console/templates/_prompt_box_markup.html.erb within layouts/inlined_string (0.5ms)
  Rendered /Users/rheaganapathy/.rbenv/versions/2.2.2/lib/ruby/gems/2.2.0/gems/web-console-2.2.1/lib/web_console/templates/style.css.erb within layouts/inlined_string (0.6ms)
  Rendered /Users/rheaganapathy/.rbenv/versions/2.2.2/lib/ruby/gems/2.2.0/gems/web-console-2.2.1/lib/web_console/templates/console.js.erb within layouts/javascript (91.5ms)
  Rendered /Users/rheaganapathy/.rbenv/versions/2.2.2/lib/ruby/gems/2.2.0/gems/web-console-2.2.1/lib/web_console/templates/main.js.erb within layouts/javascript (0.4ms)
  Rendered /Users/rheaganapathy/.rbenv/versions/2.2.2/lib/ruby/gems/2.2.0/gems/web-console-2.2.1/lib/web_console/templates/error_page.js.erb within layouts/javascript (0.6ms)
  Rendered /Users/rheaganapathy/.rbenv/versions/2.2.2/lib/ruby/gems/2.2.0/gems/web-console-2.2.1/lib/web_console/templates/index.html.erb (206.9ms)
  [1m[36m (7.6ms)[0m  [1mCREATE TABLE "schema_migrations" ("version" character varying NOT NULL) [0m
  [1m[35m (2.6ms)[0m  CREATE UNIQUE INDEX  "unique_schema_migrations" ON "schema_migrations"  ("version")
  [1m[36mActiveRecord::SchemaMigration Load (0.6ms)[0m  [1mSELECT "schema_migrations".* FROM "schema_migrations"[0m
Migrating to CreateUsers (20150727192420)
  [1m[35m (0.3ms)[0m  BEGIN
  [1m[36m (7.2ms)[0m  [1mCREATE TABLE "users" ("id" serial primary key, "first_name" character varying, "last_name" character varying, "email" character varying, "password_digest" character varying, "created_at" timestamp NOT NULL, "updated_at" timestamp NOT NULL) [0m
  [1m[35mSQL (0.8ms)[0m  INSERT INTO "schema_migrations" ("version") VALUES ($1)  [["version", "20150727192420"]]
  [1m[36m (1.4ms)[0m  [1mCOMMIT[0m
Migrating to CreatePlants (20150727193027)
  [1m[35m (0.5ms)[0m  BEGIN
  [1m[36m (7.3ms)[0m  [1mCREATE TABLE "plants" ("id" serial primary key, "plant_name" character varying, "description" text, "notes" text, "moisture_threshold" integer, "temp_threshold" integer, "sensor_id" integer, "user_id" integer, "created_at" timestamp NOT NULL, "updated_at" timestamp NOT NULL) [0m
  [1m[35mSQL (0.5ms)[0m  INSERT INTO "schema_migrations" ("version") VALUES ($1)  [["version", "20150727193027"]]
  [1m[36m (0.9ms)[0m  [1mCOMMIT[0m
Migrating to AddIndexestoPlants (20150727193631)
  [1m[35m (0.4ms)[0m  BEGIN
  [1m[36m (1.6ms)[0m  [1mCREATE  INDEX  "index_plants_on_sensor_id" ON "plants"  ("sensor_id")[0m
  [1m[35m (1.9ms)[0m  CREATE  INDEX  "index_plants_on_user_id" ON "plants"  ("user_id")
  [1m[36mSQL (0.3ms)[0m  [1mINSERT INTO "schema_migrations" ("version") VALUES ($1)[0m  [["version", "20150727193631"]]
  [1m[35m (0.7ms)[0m  COMMIT
  [1m[36mActiveRecord::SchemaMigration Load (0.4ms)[0m  [1mSELECT "schema_migrations".* FROM "schema_migrations"[0m
  [1m[35m (6.1ms)[0m  SELECT t2.oid::regclass::text AS to_table, a1.attname AS column, a2.attname AS primary_key, c.conname AS name, c.confupdtype AS on_update, c.confdeltype AS on_delete
FROM pg_constraint c
JOIN pg_class t1 ON c.conrelid = t1.oid
JOIN pg_class t2 ON c.confrelid = t2.oid
JOIN pg_attribute a1 ON a1.attnum = c.conkey[1] AND a1.attrelid = t1.oid
JOIN pg_attribute a2 ON a2.attnum = c.confkey[1] AND a2.attrelid = t2.oid
JOIN pg_namespace t3 ON c.connamespace = t3.oid
WHERE c.contype = 'f'
  AND t1.relname = 'plants'
  AND t3.nspname = ANY (current_schemas(false))
ORDER BY c.conname

  [1m[36m (5.3ms)[0m  [1mSELECT t2.oid::regclass::text AS to_table, a1.attname AS column, a2.attname AS primary_key, c.conname AS name, c.confupdtype AS on_update, c.confdeltype AS on_delete
FROM pg_constraint c
JOIN pg_class t1 ON c.conrelid = t1.oid
JOIN pg_class t2 ON c.confrelid = t2.oid
JOIN pg_attribute a1 ON a1.attnum = c.conkey[1] AND a1.attrelid = t1.oid
JOIN pg_attribute a2 ON a2.attnum = c.confkey[1] AND a2.attrelid = t2.oid
JOIN pg_namespace t3 ON c.connamespace = t3.oid
WHERE c.contype = 'f'
  AND t1.relname = 'users'
  AND t3.nspname = ANY (current_schemas(false))
ORDER BY c.conname
[0m


Started GET "/plants" for ::1 at 2015-07-27 17:32:50 -0400
  [1m[36mActiveRecord::SchemaMigration Load (0.8ms)[0m  [1mSELECT "schema_migrations".* FROM "schema_migrations"[0m
Processing by PlantsController#index as HTML
  [1m[35mPlant Load (1.2ms)[0m  SELECT "plants".* FROM "plants"
  Rendered collection (0.0ms)
  Rendered plants/index.html.erb within layouts/application (8.9ms)
Completed 200 OK in 810ms (Views: 763.3ms | ActiveRecord: 2.6ms)


Started GET "/assets/plants.self-e3b0c44298fc1c149afbf4c8996fb92427ae41e4649b934ca495991b7852b855.css?body=1" for ::1 at 2015-07-27 17:32:51 -0400


Started GET "/assets/application.self-e80e8f2318043e8af94dddc2adad5a4f09739a8ebb323b3ab31cd71d45fd9113.css?body=1" for ::1 at 2015-07-27 17:32:51 -0400


Started GET "/assets/jquery.self-d03a5518f45df77341bdbe6201ba3bfa547ebba8ed64f0ea56bfa5f96ea7c074.js?body=1" for ::1 at 2015-07-27 17:32:51 -0400


Started GET "/assets/jquery_ujs.self-ca5248a2fad13d6bd58ea121318d642f195f0b2dd818b30615f785ff365e8d1f.js?body=1" for ::1 at 2015-07-27 17:32:51 -0400


Started GET "/assets/plants.self-877aef30ae1b040ab8a3aba4e3e309a11d7f2612f44dde450b5c157aa5f95c05.js?body=1" for ::1 at 2015-07-27 17:32:51 -0400


Started GET "/assets/turbolinks.self-c37727e9bd6b2735da5c311aa83fead54ed0be6cc8bd9a65309e9c5abe2cbfff.js?body=1" for ::1 at 2015-07-27 17:32:51 -0400


Started GET "/assets/application.self-3b8dabdc891efe46b9a144b400ad69e37d7e5876bdc39dee783419a69d7ca819.js?body=1" for ::1 at 2015-07-27 17:32:51 -0400
  [1m[36mActiveRecord::SchemaMigration Load (0.6ms)[0m  [1mSELECT "schema_migrations".* FROM "schema_migrations"[0m


Started GET "/plants" for ::1 at 2015-07-27 17:42:08 -0400
  [1m[36mActiveRecord::SchemaMigration Load (0.8ms)[0m  [1mSELECT "schema_migrations".* FROM "schema_migrations"[0m
Processing by PlantsController#index as HTML
  [1m[35mPlant Load (1.0ms)[0m  SELECT "plants".* FROM "plants"
  Rendered collection (0.0ms)
  Rendered plants/index.html.erb within layouts/application (8.6ms)
Completed 200 OK in 260ms (Views: 237.5ms | ActiveRecord: 2.4ms)


Started GET "/assets/jquery.self-d03a5518f45df77341bdbe6201ba3bfa547ebba8ed64f0ea56bfa5f96ea7c074.js?body=1" for ::1 at 2015-07-27 17:42:09 -0400


Started GET "/assets/plants.self-e3b0c44298fc1c149afbf4c8996fb92427ae41e4649b934ca495991b7852b855.css?body=1" for ::1 at 2015-07-27 17:42:09 -0400


Started GET "/assets/plants.self-877aef30ae1b040ab8a3aba4e3e309a11d7f2612f44dde450b5c157aa5f95c05.js?body=1" for ::1 at 2015-07-27 17:42:09 -0400


Started GET "/assets/jquery_ujs.self-ca5248a2fad13d6bd58ea121318d642f195f0b2dd818b30615f785ff365e8d1f.js?body=1" for ::1 at 2015-07-27 17:42:09 -0400


Started GET "/assets/turbolinks.self-c37727e9bd6b2735da5c311aa83fead54ed0be6cc8bd9a65309e9c5abe2cbfff.js?body=1" for ::1 at 2015-07-27 17:42:09 -0400


Started GET "/assets/application.self-3b8dabdc891efe46b9a144b400ad69e37d7e5876bdc39dee783419a69d7ca819.js?body=1" for ::1 at 2015-07-27 17:42:09 -0400


Started GET "/assets/application.self-e80e8f2318043e8af94dddc2adad5a4f09739a8ebb323b3ab31cd71d45fd9113.css?body=1" for ::1 at 2015-07-27 17:42:09 -0400


Started GET "/plants/show" for ::1 at 2015-07-27 17:42:17 -0400
Processing by PlantsController#show as HTML
  Parameters: {"id"=>"show"}
  [1m[36mPlant Load (2.0ms)[0m  [1mSELECT  "plants".* FROM "plants" WHERE "plants"."id" = $1 LIMIT 1[0m  [["id", 0]]
Completed 404 Not Found in 94ms (ActiveRecord: 6.3ms)

ActiveRecord::RecordNotFound (Couldn't find Plant with 'id'=show):
  app/controllers/plants_controller.rb:9:in `show'


  Rendered /Users/rheaganapathy/.rbenv/versions/2.2.2/lib/ruby/gems/2.2.0/gems/actionpack-4.2.2/lib/action_dispatch/middleware/templates/rescues/_source.erb (12.5ms)
  Rendered /Users/rheaganapathy/.rbenv/versions/2.2.2/lib/ruby/gems/2.2.0/gems/actionpack-4.2.2/lib/action_dispatch/middleware/templates/rescues/_trace.html.erb (6.5ms)
  Rendered /Users/rheaganapathy/.rbenv/versions/2.2.2/lib/ruby/gems/2.2.0/gems/actionpack-4.2.2/lib/action_dispatch/middleware/templates/rescues/_request_and_response.html.erb (2.1ms)
  Rendered /Users/rheaganapathy/.rbenv/versions/2.2.2/lib/ruby/gems/2.2.0/gems/actionpack-4.2.2/lib/action_dispatch/middleware/templates/rescues/diagnostics.html.erb within rescues/layout (115.7ms)
  Rendered /Users/rheaganapathy/.rbenv/versions/2.2.2/lib/ruby/gems/2.2.0/gems/web-console-2.2.1/lib/web_console/templates/_markup.html.erb (0.5ms)
  Rendered /Users/rheaganapathy/.rbenv/versions/2.2.2/lib/ruby/gems/2.2.0/gems/web-console-2.2.1/lib/web_console/templates/_inner_console_markup.html.erb within layouts/inlined_string (1.0ms)
  Rendered /Users/rheaganapathy/.rbenv/versions/2.2.2/lib/ruby/gems/2.2.0/gems/web-console-2.2.1/lib/web_console/templates/_prompt_box_markup.html.erb within layouts/inlined_string (0.4ms)
  Rendered /Users/rheaganapathy/.rbenv/versions/2.2.2/lib/ruby/gems/2.2.0/gems/web-console-2.2.1/lib/web_console/templates/style.css.erb within layouts/inlined_string (0.5ms)
  Rendered /Users/rheaganapathy/.rbenv/versions/2.2.2/lib/ruby/gems/2.2.0/gems/web-console-2.2.1/lib/web_console/templates/console.js.erb within layouts/javascript (90.9ms)
  Rendered /Users/rheaganapathy/.rbenv/versions/2.2.2/lib/ruby/gems/2.2.0/gems/web-console-2.2.1/lib/web_console/templates/main.js.erb within layouts/javascript (0.4ms)
  Rendered /Users/rheaganapathy/.rbenv/versions/2.2.2/lib/ruby/gems/2.2.0/gems/web-console-2.2.1/lib/web_console/templates/error_page.js.erb within layouts/javascript (0.9ms)
  Rendered /Users/rheaganapathy/.rbenv/versions/2.2.2/lib/ruby/gems/2.2.0/gems/web-console-2.2.1/lib/web_console/templates/index.html.erb (202.0ms)


Started GET "/plants/1" for ::1 at 2015-07-27 17:42:26 -0400
Processing by PlantsController#show as HTML
  Parameters: {"id"=>"1"}
  [1m[35mPlant Load (0.6ms)[0m  SELECT  "plants".* FROM "plants" WHERE "plants"."id" = $1 LIMIT 1  [["id", 1]]
Completed 404 Not Found in 4ms (ActiveRecord: 0.6ms)

ActiveRecord::RecordNotFound (Couldn't find Plant with 'id'=1):
  app/controllers/plants_controller.rb:9:in `show'


  Rendered /Users/rheaganapathy/.rbenv/versions/2.2.2/lib/ruby/gems/2.2.0/gems/actionpack-4.2.2/lib/action_dispatch/middleware/templates/rescues/_source.erb (7.3ms)
  Rendered /Users/rheaganapathy/.rbenv/versions/2.2.2/lib/ruby/gems/2.2.0/gems/actionpack-4.2.2/lib/action_dispatch/middleware/templates/rescues/_trace.html.erb (3.2ms)
  Rendered /Users/rheaganapathy/.rbenv/versions/2.2.2/lib/ruby/gems/2.2.0/gems/actionpack-4.2.2/lib/action_dispatch/middleware/templates/rescues/_request_and_response.html.erb (1.3ms)
  Rendered /Users/rheaganapathy/.rbenv/versions/2.2.2/lib/ruby/gems/2.2.0/gems/actionpack-4.2.2/lib/action_dispatch/middleware/templates/rescues/diagnostics.html.erb within rescues/layout (102.3ms)
  Rendered /Users/rheaganapathy/.rbenv/versions/2.2.2/lib/ruby/gems/2.2.0/gems/web-console-2.2.1/lib/web_console/templates/_markup.html.erb (2.2ms)
  Rendered /Users/rheaganapathy/.rbenv/versions/2.2.2/lib/ruby/gems/2.2.0/gems/web-console-2.2.1/lib/web_console/templates/_inner_console_markup.html.erb within layouts/inlined_string (0.4ms)
  Rendered /Users/rheaganapathy/.rbenv/versions/2.2.2/lib/ruby/gems/2.2.0/gems/web-console-2.2.1/lib/web_console/templates/_prompt_box_markup.html.erb within layouts/inlined_string (0.4ms)
  Rendered /Users/rheaganapathy/.rbenv/versions/2.2.2/lib/ruby/gems/2.2.0/gems/web-console-2.2.1/lib/web_console/templates/style.css.erb within layouts/inlined_string (0.5ms)
  Rendered /Users/rheaganapathy/.rbenv/versions/2.2.2/lib/ruby/gems/2.2.0/gems/web-console-2.2.1/lib/web_console/templates/console.js.erb within layouts/javascript (93.4ms)
  Rendered /Users/rheaganapathy/.rbenv/versions/2.2.2/lib/ruby/gems/2.2.0/gems/web-console-2.2.1/lib/web_console/templates/main.js.erb within layouts/javascript (0.5ms)
  Rendered /Users/rheaganapathy/.rbenv/versions/2.2.2/lib/ruby/gems/2.2.0/gems/web-console-2.2.1/lib/web_console/templates/error_page.js.erb within layouts/javascript (0.6ms)
  Rendered /Users/rheaganapathy/.rbenv/versions/2.2.2/lib/ruby/gems/2.2.0/gems/web-console-2.2.1/lib/web_console/templates/index.html.erb (203.4ms)


Started GET "/plants/" for ::1 at 2015-07-27 17:52:01 -0400
  [1m[36mActiveRecord::SchemaMigration Load (0.8ms)[0m  [1mSELECT "schema_migrations".* FROM "schema_migrations"[0m
Processing by PlantsController#index as HTML
  [1m[35mPlant Load (1.0ms)[0m  SELECT "plants".* FROM "plants"
  Rendered collection (0.0ms)
  Rendered plants/index.html.erb within layouts/application (9.0ms)
Completed 200 OK in 267ms (Views: 243.3ms | ActiveRecord: 2.7ms)


Started GET "/plants/new" for ::1 at 2015-07-27 17:52:08 -0400
Processing by PlantsController#new as HTML
  Rendered plants/_form.html.erb (58.8ms)
  Rendered plants/new.html.erb within layouts/application (61.4ms)
Completed 500 Internal Server Error in 79ms (ActiveRecord: 3.7ms)

ActionView::Template::Error (undefined local variable or method `f' for #<#<Class:0x007fe5c59225e0>:0x007fe5c3aff1a8>):
    1: <%= form_for(@plant) do |p| %>
    2: 
    3:   <div class="field">
    4:     <%= f.label :name %><br />
    5:     <%= f.text_field :name %>
    6:   </div>
    7:   <div class="field">
  app/views/plants/_form.html.erb:4:in `block in _app_views_plants__form_html_erb___2257405573544208625_70312403876460'
  app/views/plants/_form.html.erb:1:in `_app_views_plants__form_html_erb___2257405573544208625_70312403876460'
  app/views/plants/new.html.erb:4:in `_app_views_plants_new_html_erb___4182426982819589068_70312403714000'


  Rendered /Users/rheaganapathy/.rbenv/versions/2.2.2/lib/ruby/gems/2.2.0/gems/actionpack-4.2.2/lib/action_dispatch/middleware/templates/rescues/_source.erb (11.5ms)
  Rendered /Users/rheaganapathy/.rbenv/versions/2.2.2/lib/ruby/gems/2.2.0/gems/actionpack-4.2.2/lib/action_dispatch/middleware/templates/rescues/_trace.html.erb (4.5ms)
  Rendered /Users/rheaganapathy/.rbenv/versions/2.2.2/lib/ruby/gems/2.2.0/gems/actionpack-4.2.2/lib/action_dispatch/middleware/templates/rescues/_request_and_response.html.erb (1.4ms)
  Rendered /Users/rheaganapathy/.rbenv/versions/2.2.2/lib/ruby/gems/2.2.0/gems/actionpack-4.2.2/lib/action_dispatch/middleware/templates/rescues/template_error.html.erb within rescues/layout (111.2ms)
  Rendered /Users/rheaganapathy/.rbenv/versions/2.2.2/lib/ruby/gems/2.2.0/gems/web-console-2.2.1/lib/web_console/templates/_markup.html.erb (0.5ms)
  Rendered /Users/rheaganapathy/.rbenv/versions/2.2.2/lib/ruby/gems/2.2.0/gems/web-console-2.2.1/lib/web_console/templates/_inner_console_markup.html.erb within layouts/inlined_string (0.5ms)
  Rendered /Users/rheaganapathy/.rbenv/versions/2.2.2/lib/ruby/gems/2.2.0/gems/web-console-2.2.1/lib/web_console/templates/_prompt_box_markup.html.erb within layouts/inlined_string (0.4ms)
  Rendered /Users/rheaganapathy/.rbenv/versions/2.2.2/lib/ruby/gems/2.2.0/gems/web-console-2.2.1/lib/web_console/templates/style.css.erb within layouts/inlined_string (0.5ms)
  Rendered /Users/rheaganapathy/.rbenv/versions/2.2.2/lib/ruby/gems/2.2.0/gems/web-console-2.2.1/lib/web_console/templates/console.js.erb within layouts/javascript (91.4ms)
  Rendered /Users/rheaganapathy/.rbenv/versions/2.2.2/lib/ruby/gems/2.2.0/gems/web-console-2.2.1/lib/web_console/templates/main.js.erb within layouts/javascript (0.4ms)
  Rendered /Users/rheaganapathy/.rbenv/versions/2.2.2/lib/ruby/gems/2.2.0/gems/web-console-2.2.1/lib/web_console/templates/error_page.js.erb within layouts/javascript (0.5ms)
  Rendered /Users/rheaganapathy/.rbenv/versions/2.2.2/lib/ruby/gems/2.2.0/gems/web-console-2.2.1/lib/web_console/templates/index.html.erb (203.3ms)


Started GET "/plants/new" for ::1 at 2015-07-27 17:52:30 -0400
Processing by PlantsController#new as HTML
  Rendered plants/_form.html.erb (141.7ms)
  Rendered plants/new.html.erb within layouts/application (143.5ms)
Completed 500 Internal Server Error in 148ms (ActiveRecord: 0.0ms)

ActionView::Template::Error (undefined method `name' for #<Plant:0x007fe5c957b708>):
    2: 
    3:   <div class="field">
    4:     <%= f.label :name %><br />
    5:     <%= f.text_field :name %>
    6:   </div>
    7:   <div class="field">
    8:     <%= f.label :description %><br />
  app/views/plants/_form.html.erb:5:in `block in _app_views_plants__form_html_erb___2257405573544208625_70312451119780'
  app/views/plants/_form.html.erb:1:in `_app_views_plants__form_html_erb___2257405573544208625_70312451119780'
  app/views/plants/new.html.erb:4:in `_app_views_plants_new_html_erb___4182426982819589068_70312403714000'


  Rendered /Users/rheaganapathy/.rbenv/versions/2.2.2/lib/ruby/gems/2.2.0/gems/actionpack-4.2.2/lib/action_dispatch/middleware/templates/rescues/_source.erb (24.0ms)
  Rendered /Users/rheaganapathy/.rbenv/versions/2.2.2/lib/ruby/gems/2.2.0/gems/actionpack-4.2.2/lib/action_dispatch/middleware/templates/rescues/_trace.html.erb (5.3ms)
  Rendered /Users/rheaganapathy/.rbenv/versions/2.2.2/lib/ruby/gems/2.2.0/gems/actionpack-4.2.2/lib/action_dispatch/middleware/templates/rescues/_request_and_response.html.erb (1.4ms)
  Rendered /Users/rheaganapathy/.rbenv/versions/2.2.2/lib/ruby/gems/2.2.0/gems/actionpack-4.2.2/lib/action_dispatch/middleware/templates/rescues/template_error.html.erb within rescues/layout (116.0ms)
  Rendered /Users/rheaganapathy/.rbenv/versions/2.2.2/lib/ruby/gems/2.2.0/gems/web-console-2.2.1/lib/web_console/templates/_markup.html.erb (0.5ms)
  Rendered /Users/rheaganapathy/.rbenv/versions/2.2.2/lib/ruby/gems/2.2.0/gems/web-console-2.2.1/lib/web_console/templates/_inner_console_markup.html.erb within layouts/inlined_string (0.4ms)
  Rendered /Users/rheaganapathy/.rbenv/versions/2.2.2/lib/ruby/gems/2.2.0/gems/web-console-2.2.1/lib/web_console/templates/_prompt_box_markup.html.erb within layouts/inlined_string (0.4ms)
  Rendered /Users/rheaganapathy/.rbenv/versions/2.2.2/lib/ruby/gems/2.2.0/gems/web-console-2.2.1/lib/web_console/templates/style.css.erb within layouts/inlined_string (1.0ms)
  Rendered /Users/rheaganapathy/.rbenv/versions/2.2.2/lib/ruby/gems/2.2.0/gems/web-console-2.2.1/lib/web_console/templates/console.js.erb within layouts/javascript (88.4ms)
  Rendered /Users/rheaganapathy/.rbenv/versions/2.2.2/lib/ruby/gems/2.2.0/gems/web-console-2.2.1/lib/web_console/templates/main.js.erb within layouts/javascript (0.4ms)
  Rendered /Users/rheaganapathy/.rbenv/versions/2.2.2/lib/ruby/gems/2.2.0/gems/web-console-2.2.1/lib/web_console/templates/error_page.js.erb within layouts/javascript (0.6ms)
  Rendered /Users/rheaganapathy/.rbenv/versions/2.2.2/lib/ruby/gems/2.2.0/gems/web-console-2.2.1/lib/web_console/templates/index.html.erb (195.3ms)


Started GET "/plants/new" for ::1 at 2015-07-27 17:53:27 -0400
Processing by PlantsController#new as HTML
  Rendered plants/_form.html.erb (57.5ms)
  Rendered plants/new.html.erb within layouts/application (59.3ms)
Completed 200 OK in 100ms (Views: 98.7ms | ActiveRecord: 0.0ms)


Started GET "/assets/plants.self-e3b0c44298fc1c149afbf4c8996fb92427ae41e4649b934ca495991b7852b855.css?body=1" for ::1 at 2015-07-27 17:53:28 -0400


Started GET "/assets/application.self-e80e8f2318043e8af94dddc2adad5a4f09739a8ebb323b3ab31cd71d45fd9113.css?body=1" for ::1 at 2015-07-27 17:53:28 -0400


Started GET "/assets/jquery.self-d03a5518f45df77341bdbe6201ba3bfa547ebba8ed64f0ea56bfa5f96ea7c074.js?body=1" for ::1 at 2015-07-27 17:53:28 -0400


Started GET "/assets/turbolinks.self-c37727e9bd6b2735da5c311aa83fead54ed0be6cc8bd9a65309e9c5abe2cbfff.js?body=1" for ::1 at 2015-07-27 17:53:28 -0400


Started GET "/assets/jquery_ujs.self-ca5248a2fad13d6bd58ea121318d642f195f0b2dd818b30615f785ff365e8d1f.js?body=1" for ::1 at 2015-07-27 17:53:28 -0400


Started GET "/assets/plants.self-877aef30ae1b040ab8a3aba4e3e309a11d7f2612f44dde450b5c157aa5f95c05.js?body=1" for ::1 at 2015-07-27 17:53:28 -0400


Started GET "/assets/application.self-3b8dabdc891efe46b9a144b400ad69e37d7e5876bdc39dee783419a69d7ca819.js?body=1" for ::1 at 2015-07-27 17:53:28 -0400


Started POST "/plants" for ::1 at 2015-07-27 17:54:17 -0400
Processing by PlantsController#create as HTML
  Parameters: {"utf8"=>"✓", "authenticity_token"=>"ieHowpxrA0RXZ0n6+Ky7o5S3oXU8y1mRW54KTzHcA0LPPvFIkVorZPxbvQXzYz5wMemwKUVaP+MSLQeZyaxW6w==", "plant"=>{"plant_name"=>"Tomato Plant", "description"=>"The italian kind", "notes"=>"planted yesterday", "moisture_threshold"=>"300", "temp_threshold"=>"70", "sensor_id"=>"2"}, "commit"=>"Create Plant"}
Unpermitted parameters: plant_name, moisture_threshold, temp_threshold, sensor_id
  [1m[36m (0.3ms)[0m  [1mBEGIN[0m
  [1m[35mSQL (1.4ms)[0m  INSERT INTO "plants" ("description", "notes", "created_at", "updated_at") VALUES ($1, $2, $3, $4) RETURNING "id"  [["description", "The italian kind"], ["notes", "planted yesterday"], ["created_at", "2015-07-27 21:54:17.379244"], ["updated_at", "2015-07-27 21:54:17.379244"]]
  [1m[36m (127.1ms)[0m  [1mCOMMIT[0m
Redirected to http://localhost:3000/plants
Completed 302 Found in 140ms (ActiveRecord: 129.2ms)


Started GET "/plants" for ::1 at 2015-07-27 17:54:17 -0400
Processing by PlantsController#index as HTML
  [1m[35mPlant Load (0.8ms)[0m  SELECT "plants".* FROM "plants"
  Rendered plants/index.html.erb within layouts/application (8.1ms)
Completed 500 Internal Server Error in 16ms (ActiveRecord: 0.8ms)

ActionView::Template::Error (Missing partial plants/_plant with {:locale=>[:en], :formats=>[:html], :variants=>[], :handlers=>[:erb, :builder, :raw, :ruby, :coffee, :jbuilder]}. Searched in:
  * "/Users/rheaganapathy/code/GNOMELY/app/views"
):
    1: <h1>My Plants</h1>
    2: <div id="plants">
    3:   <%= render @plants %>
    4: </div>
  app/views/plants/index.html.erb:3:in `_app_views_plants_index_html_erb__664897662985976857_70312419297100'


  Rendered /Users/rheaganapathy/.rbenv/versions/2.2.2/lib/ruby/gems/2.2.0/gems/actionpack-4.2.2/lib/action_dispatch/middleware/templates/rescues/_source.erb (10.2ms)
  Rendered /Users/rheaganapathy/.rbenv/versions/2.2.2/lib/ruby/gems/2.2.0/gems/actionpack-4.2.2/lib/action_dispatch/middleware/templates/rescues/_trace.html.erb (4.5ms)
  Rendered /Users/rheaganapathy/.rbenv/versions/2.2.2/lib/ruby/gems/2.2.0/gems/actionpack-4.2.2/lib/action_dispatch/middleware/templates/rescues/_request_and_response.html.erb (1.2ms)
  Rendered /Users/rheaganapathy/.rbenv/versions/2.2.2/lib/ruby/gems/2.2.0/gems/actionpack-4.2.2/lib/action_dispatch/middleware/templates/rescues/template_error.html.erb within rescues/layout (106.9ms)
  Rendered /Users/rheaganapathy/.rbenv/versions/2.2.2/lib/ruby/gems/2.2.0/gems/web-console-2.2.1/lib/web_console/templates/_markup.html.erb (0.6ms)
  Rendered /Users/rheaganapathy/.rbenv/versions/2.2.2/lib/ruby/gems/2.2.0/gems/web-console-2.2.1/lib/web_console/templates/_inner_console_markup.html.erb within layouts/inlined_string (0.4ms)
  Rendered /Users/rheaganapathy/.rbenv/versions/2.2.2/lib/ruby/gems/2.2.0/gems/web-console-2.2.1/lib/web_console/templates/_prompt_box_markup.html.erb within layouts/inlined_string (0.4ms)
  Rendered /Users/rheaganapathy/.rbenv/versions/2.2.2/lib/ruby/gems/2.2.0/gems/web-console-2.2.1/lib/web_console/templates/style.css.erb within layouts/inlined_string (0.4ms)
  Rendered /Users/rheaganapathy/.rbenv/versions/2.2.2/lib/ruby/gems/2.2.0/gems/web-console-2.2.1/lib/web_console/templates/console.js.erb within layouts/javascript (84.7ms)
  Rendered /Users/rheaganapathy/.rbenv/versions/2.2.2/lib/ruby/gems/2.2.0/gems/web-console-2.2.1/lib/web_console/templates/main.js.erb within layouts/javascript (0.4ms)
  Rendered /Users/rheaganapathy/.rbenv/versions/2.2.2/lib/ruby/gems/2.2.0/gems/web-console-2.2.1/lib/web_console/templates/error_page.js.erb within layouts/javascript (0.6ms)
  Rendered /Users/rheaganapathy/.rbenv/versions/2.2.2/lib/ruby/gems/2.2.0/gems/web-console-2.2.1/lib/web_console/templates/index.html.erb (189.7ms)


Started GET "/plants" for ::1 at 2015-07-27 17:57:16 -0400
Processing by PlantsController#index as HTML
  [1m[36mPlant Load (1.0ms)[0m  [1mSELECT "plants".* FROM "plants"[0m
  Rendered plants/_plant.html.erb (1.0ms)
  Rendered plants/index.html.erb within layouts/application (8.3ms)
Completed 200 OK in 67ms (Views: 65.4ms | ActiveRecord: 1.0ms)


Started GET "/assets/turbolinks.self-c37727e9bd6b2735da5c311aa83fead54ed0be6cc8bd9a65309e9c5abe2cbfff.js?body=1" for ::1 at 2015-07-27 17:57:17 -0400


Started GET "/assets/plants.self-877aef30ae1b040ab8a3aba4e3e309a11d7f2612f44dde450b5c157aa5f95c05.js?body=1" for ::1 at 2015-07-27 17:57:17 -0400


Started GET "/assets/jquery.self-d03a5518f45df77341bdbe6201ba3bfa547ebba8ed64f0ea56bfa5f96ea7c074.js?body=1" for ::1 at 2015-07-27 17:57:17 -0400


Started GET "/assets/jquery_ujs.self-ca5248a2fad13d6bd58ea121318d642f195f0b2dd818b30615f785ff365e8d1f.js?body=1" for ::1 at 2015-07-27 17:57:17 -0400


Started GET "/assets/application.self-e80e8f2318043e8af94dddc2adad5a4f09739a8ebb323b3ab31cd71d45fd9113.css?body=1" for ::1 at 2015-07-27 17:57:17 -0400


Started GET "/assets/application.self-3b8dabdc891efe46b9a144b400ad69e37d7e5876bdc39dee783419a69d7ca819.js?body=1" for ::1 at 2015-07-27 17:57:17 -0400


Started GET "/assets/plants.self-e3b0c44298fc1c149afbf4c8996fb92427ae41e4649b934ca495991b7852b855.css?body=1" for ::1 at 2015-07-27 17:57:17 -0400


Started GET "/plants" for ::1 at 2015-07-27 17:59:13 -0400
Processing by PlantsController#index as HTML
  [1m[35mPlant Load (0.5ms)[0m  SELECT "plants".* FROM "plants"
  Rendered plants/_plant.html.erb (1.0ms)
  Rendered plants/index.html.erb within layouts/application (4.8ms)
Completed 200 OK in 44ms (Views: 42.2ms | ActiveRecord: 0.5ms)


Started GET "/assets/plants.self-e3b0c44298fc1c149afbf4c8996fb92427ae41e4649b934ca495991b7852b855.css?body=1" for ::1 at 2015-07-27 17:59:14 -0400


Started GET "/assets/application.self-e80e8f2318043e8af94dddc2adad5a4f09739a8ebb323b3ab31cd71d45fd9113.css?body=1" for ::1 at 2015-07-27 17:59:14 -0400


Started GET "/assets/jquery_ujs.self-ca5248a2fad13d6bd58ea121318d642f195f0b2dd818b30615f785ff365e8d1f.js?body=1" for ::1 at 2015-07-27 17:59:14 -0400


Started GET "/assets/jquery.self-d03a5518f45df77341bdbe6201ba3bfa547ebba8ed64f0ea56bfa5f96ea7c074.js?body=1" for ::1 at 2015-07-27 17:59:14 -0400


Started GET "/assets/turbolinks.self-c37727e9bd6b2735da5c311aa83fead54ed0be6cc8bd9a65309e9c5abe2cbfff.js?body=1" for ::1 at 2015-07-27 17:59:14 -0400


Started GET "/assets/plants.self-877aef30ae1b040ab8a3aba4e3e309a11d7f2612f44dde450b5c157aa5f95c05.js?body=1" for ::1 at 2015-07-27 17:59:14 -0400


Started GET "/assets/application.self-3b8dabdc891efe46b9a144b400ad69e37d7e5876bdc39dee783419a69d7ca819.js?body=1" for ::1 at 2015-07-27 17:59:14 -0400
  [1m[36mPlant Load (1.8ms)[0m  [1mSELECT  "plants".* FROM "plants"  ORDER BY "plants"."id" ASC LIMIT 1[0m


Started GET "/plants" for ::1 at 2015-07-27 18:00:40 -0400
Processing by PlantsController#index as HTML
  [1m[36mPlant Load (0.6ms)[0m  [1mSELECT "plants".* FROM "plants"[0m
  Rendered plants/_plant.html.erb (1.6ms)
  Rendered plants/index.html.erb within layouts/application (16.3ms)
Completed 200 OK in 144ms (Views: 137.2ms | ActiveRecord: 3.7ms)


Started GET "/assets/application.self-e80e8f2318043e8af94dddc2adad5a4f09739a8ebb323b3ab31cd71d45fd9113.css?body=1" for ::1 at 2015-07-27 18:00:40 -0400


Started GET "/assets/jquery.self-d03a5518f45df77341bdbe6201ba3bfa547ebba8ed64f0ea56bfa5f96ea7c074.js?body=1" for ::1 at 2015-07-27 18:00:40 -0400


Started GET "/assets/plants.self-877aef30ae1b040ab8a3aba4e3e309a11d7f2612f44dde450b5c157aa5f95c05.js?body=1" for ::1 at 2015-07-27 18:00:40 -0400


Started GET "/assets/turbolinks.self-c37727e9bd6b2735da5c311aa83fead54ed0be6cc8bd9a65309e9c5abe2cbfff.js?body=1" for ::1 at 2015-07-27 18:00:40 -0400


Started GET "/assets/plants.self-e3b0c44298fc1c149afbf4c8996fb92427ae41e4649b934ca495991b7852b855.css?body=1" for ::1 at 2015-07-27 18:00:40 -0400


Started GET "/assets/jquery_ujs.self-ca5248a2fad13d6bd58ea121318d642f195f0b2dd818b30615f785ff365e8d1f.js?body=1" for ::1 at 2015-07-27 18:00:40 -0400


Started GET "/assets/application.self-3b8dabdc891efe46b9a144b400ad69e37d7e5876bdc39dee783419a69d7ca819.js?body=1" for ::1 at 2015-07-27 18:00:40 -0400


Started GET "/plants/1" for ::1 at 2015-07-27 18:00:59 -0400
Processing by PlantsController#show as HTML
  Parameters: {"id"=>"1"}
  [1m[35mPlant Load (0.6ms)[0m  SELECT  "plants".* FROM "plants" WHERE "plants"."id" = $1 LIMIT 1  [["id", 1]]
  Rendered plants/show.html.erb within layouts/application (5.6ms)
Completed 500 Internal Server Error in 94ms (ActiveRecord: 0.6ms)

ActionView::Template::Error (undefined method `name' for #<Plant:0x007fe5c5b098b8>):
    1: <h1><%= @plant.name %></h1>
    2: 
    3: <%= link_to "Back to All Plants", plants_url %>
    4: <%= link_to "Edit", edit_plant_path(@plant) %>
  app/views/plants/show.html.erb:1:in `_app_views_plants_show_html_erb___3896757609153831578_70312420431340'


  Rendered /Users/rheaganapathy/.rbenv/versions/2.2.2/lib/ruby/gems/2.2.0/gems/actionpack-4.2.2/lib/action_dispatch/middleware/templates/rescues/_source.erb (10.5ms)
  Rendered /Users/rheaganapathy/.rbenv/versions/2.2.2/lib/ruby/gems/2.2.0/gems/actionpack-4.2.2/lib/action_dispatch/middleware/templates/rescues/_trace.html.erb (4.4ms)
  Rendered /Users/rheaganapathy/.rbenv/versions/2.2.2/lib/ruby/gems/2.2.0/gems/actionpack-4.2.2/lib/action_dispatch/middleware/templates/rescues/_request_and_response.html.erb (1.5ms)
  Rendered /Users/rheaganapathy/.rbenv/versions/2.2.2/lib/ruby/gems/2.2.0/gems/actionpack-4.2.2/lib/action_dispatch/middleware/templates/rescues/template_error.html.erb within rescues/layout (142.9ms)
  Rendered /Users/rheaganapathy/.rbenv/versions/2.2.2/lib/ruby/gems/2.2.0/gems/web-console-2.2.1/lib/web_console/templates/_markup.html.erb (0.5ms)
  Rendered /Users/rheaganapathy/.rbenv/versions/2.2.2/lib/ruby/gems/2.2.0/gems/web-console-2.2.1/lib/web_console/templates/_inner_console_markup.html.erb within layouts/inlined_string (0.4ms)
  Rendered /Users/rheaganapathy/.rbenv/versions/2.2.2/lib/ruby/gems/2.2.0/gems/web-console-2.2.1/lib/web_console/templates/_prompt_box_markup.html.erb within layouts/inlined_string (0.4ms)
  Rendered /Users/rheaganapathy/.rbenv/versions/2.2.2/lib/ruby/gems/2.2.0/gems/web-console-2.2.1/lib/web_console/templates/style.css.erb within layouts/inlined_string (0.5ms)
  Rendered /Users/rheaganapathy/.rbenv/versions/2.2.2/lib/ruby/gems/2.2.0/gems/web-console-2.2.1/lib/web_console/templates/console.js.erb within layouts/javascript (90.4ms)
  Rendered /Users/rheaganapathy/.rbenv/versions/2.2.2/lib/ruby/gems/2.2.0/gems/web-console-2.2.1/lib/web_console/templates/main.js.erb within layouts/javascript (0.4ms)
  Rendered /Users/rheaganapathy/.rbenv/versions/2.2.2/lib/ruby/gems/2.2.0/gems/web-console-2.2.1/lib/web_console/templates/error_page.js.erb within layouts/javascript (0.6ms)
  Rendered /Users/rheaganapathy/.rbenv/versions/2.2.2/lib/ruby/gems/2.2.0/gems/web-console-2.2.1/lib/web_console/templates/index.html.erb (200.2ms)


Started GET "/plants/1" for ::1 at 2015-07-27 18:01:01 -0400
Processing by PlantsController#show as HTML
  Parameters: {"id"=>"1"}
  [1m[36mPlant Load (0.5ms)[0m  [1mSELECT  "plants".* FROM "plants" WHERE "plants"."id" = $1 LIMIT 1[0m  [["id", 1]]
  Rendered plants/show.html.erb within layouts/application (4.5ms)
Completed 500 Internal Server Error in 11ms (ActiveRecord: 0.5ms)

ActionView::Template::Error (undefined method `name' for #<Plant:0x007fe5c977f180>):
    1: <h1><%= @plant.name %></h1>
    2: 
    3: <%= link_to "Back to All Plants", plants_url %>
    4: <%= link_to "Edit", edit_plant_path(@plant) %>
  app/views/plants/show.html.erb:1:in `_app_views_plants_show_html_erb___3896757609153831578_70312452156560'


  Rendered /Users/rheaganapathy/.rbenv/versions/2.2.2/lib/ruby/gems/2.2.0/gems/actionpack-4.2.2/lib/action_dispatch/middleware/templates/rescues/_source.erb (13.3ms)
  Rendered /Users/rheaganapathy/.rbenv/versions/2.2.2/lib/ruby/gems/2.2.0/gems/actionpack-4.2.2/lib/action_dispatch/middleware/templates/rescues/_trace.html.erb (6.6ms)
  Rendered /Users/rheaganapathy/.rbenv/versions/2.2.2/lib/ruby/gems/2.2.0/gems/actionpack-4.2.2/lib/action_dispatch/middleware/templates/rescues/_request_and_response.html.erb (1.4ms)
  Rendered /Users/rheaganapathy/.rbenv/versions/2.2.2/lib/ruby/gems/2.2.0/gems/actionpack-4.2.2/lib/action_dispatch/middleware/templates/rescues/template_error.html.erb within rescues/layout (110.7ms)
  Rendered /Users/rheaganapathy/.rbenv/versions/2.2.2/lib/ruby/gems/2.2.0/gems/web-console-2.2.1/lib/web_console/templates/_markup.html.erb (1.9ms)
  Rendered /Users/rheaganapathy/.rbenv/versions/2.2.2/lib/ruby/gems/2.2.0/gems/web-console-2.2.1/lib/web_console/templates/_inner_console_markup.html.erb within layouts/inlined_string (0.5ms)
  Rendered /Users/rheaganapathy/.rbenv/versions/2.2.2/lib/ruby/gems/2.2.0/gems/web-console-2.2.1/lib/web_console/templates/_prompt_box_markup.html.erb within layouts/inlined_string (0.5ms)
  Rendered /Users/rheaganapathy/.rbenv/versions/2.2.2/lib/ruby/gems/2.2.0/gems/web-console-2.2.1/lib/web_console/templates/style.css.erb within layouts/inlined_string (0.5ms)
  Rendered /Users/rheaganapathy/.rbenv/versions/2.2.2/lib/ruby/gems/2.2.0/gems/web-console-2.2.1/lib/web_console/templates/console.js.erb within layouts/javascript (86.7ms)
  Rendered /Users/rheaganapathy/.rbenv/versions/2.2.2/lib/ruby/gems/2.2.0/gems/web-console-2.2.1/lib/web_console/templates/main.js.erb within layouts/javascript (0.5ms)
  Rendered /Users/rheaganapathy/.rbenv/versions/2.2.2/lib/ruby/gems/2.2.0/gems/web-console-2.2.1/lib/web_console/templates/error_page.js.erb within layouts/javascript (0.6ms)
  Rendered /Users/rheaganapathy/.rbenv/versions/2.2.2/lib/ruby/gems/2.2.0/gems/web-console-2.2.1/lib/web_console/templates/index.html.erb (195.4ms)
  [1m[35mPlant Load (0.9ms)[0m  SELECT  "plants".* FROM "plants"  ORDER BY "plants"."id" ASC LIMIT 1
  [1m[36m (0.4ms)[0m  [1mBEGIN[0m
  [1m[35mSQL (0.9ms)[0m  UPDATE "plants" SET "plant_name" = $1, "updated_at" = $2 WHERE "plants"."id" = $3  [["plant_name", "Tomato plant"], ["updated_at", "2015-07-27 22:01:50.887042"], ["id", 1]]
  [1m[36m (18.5ms)[0m  [1mCOMMIT[0m


Started GET "/plants" for ::1 at 2015-07-27 18:01:58 -0400
Processing by PlantsController#index as HTML
  [1m[35mPlant Load (0.5ms)[0m  SELECT "plants".* FROM "plants"
  Rendered plants/_plant.html.erb (0.4ms)
  Rendered plants/index.html.erb within layouts/application (3.5ms)
Completed 200 OK in 45ms (Views: 43.1ms | ActiveRecord: 0.5ms)


Started GET "/assets/plants.self-e3b0c44298fc1c149afbf4c8996fb92427ae41e4649b934ca495991b7852b855.css?body=1" for ::1 at 2015-07-27 18:01:59 -0400


Started GET "/assets/application.self-e80e8f2318043e8af94dddc2adad5a4f09739a8ebb323b3ab31cd71d45fd9113.css?body=1" for ::1 at 2015-07-27 18:01:59 -0400


Started GET "/assets/jquery.self-d03a5518f45df77341bdbe6201ba3bfa547ebba8ed64f0ea56bfa5f96ea7c074.js?body=1" for ::1 at 2015-07-27 18:01:59 -0400


Started GET "/assets/jquery_ujs.self-ca5248a2fad13d6bd58ea121318d642f195f0b2dd818b30615f785ff365e8d1f.js?body=1" for ::1 at 2015-07-27 18:01:59 -0400


Started GET "/assets/turbolinks.self-c37727e9bd6b2735da5c311aa83fead54ed0be6cc8bd9a65309e9c5abe2cbfff.js?body=1" for ::1 at 2015-07-27 18:01:59 -0400


Started GET "/assets/application.self-3b8dabdc891efe46b9a144b400ad69e37d7e5876bdc39dee783419a69d7ca819.js?body=1" for ::1 at 2015-07-27 18:01:59 -0400


Started GET "/assets/plants.self-877aef30ae1b040ab8a3aba4e3e309a11d7f2612f44dde450b5c157aa5f95c05.js?body=1" for ::1 at 2015-07-27 18:01:59 -0400


Started GET "/plants/1" for ::1 at 2015-07-27 18:02:01 -0400
Processing by PlantsController#show as HTML
  Parameters: {"id"=>"1"}
  [1m[36mPlant Load (0.7ms)[0m  [1mSELECT  "plants".* FROM "plants" WHERE "plants"."id" = $1 LIMIT 1[0m  [["id", 1]]
  Rendered plants/show.html.erb within layouts/application (4.5ms)
Completed 500 Internal Server Error in 14ms (ActiveRecord: 0.7ms)

ActionView::Template::Error (undefined method `name' for #<Plant:0x007fe5c9a7df58>):
    1: <h1><%= @plant.name %></h1>
    2: 
    3: <%= link_to "Back to All Plants", plants_url %>
    4: <%= link_to "Edit", edit_plant_path(@plant) %>
  app/views/plants/show.html.erb:1:in `_app_views_plants_show_html_erb___3896757609153831578_70312420431340'


  Rendered /Users/rheaganapathy/.rbenv/versions/2.2.2/lib/ruby/gems/2.2.0/gems/actionpack-4.2.2/lib/action_dispatch/middleware/templates/rescues/_source.erb (10.6ms)
  Rendered /Users/rheaganapathy/.rbenv/versions/2.2.2/lib/ruby/gems/2.2.0/gems/actionpack-4.2.2/lib/action_dispatch/middleware/templates/rescues/_trace.html.erb (4.5ms)
  Rendered /Users/rheaganapathy/.rbenv/versions/2.2.2/lib/ruby/gems/2.2.0/gems/actionpack-4.2.2/lib/action_dispatch/middleware/templates/rescues/_request_and_response.html.erb (1.4ms)
  Rendered /Users/rheaganapathy/.rbenv/versions/2.2.2/lib/ruby/gems/2.2.0/gems/actionpack-4.2.2/lib/action_dispatch/middleware/templates/rescues/template_error.html.erb within rescues/layout (101.0ms)
  Rendered /Users/rheaganapathy/.rbenv/versions/2.2.2/lib/ruby/gems/2.2.0/gems/web-console-2.2.1/lib/web_console/templates/_markup.html.erb (0.5ms)
  Rendered /Users/rheaganapathy/.rbenv/versions/2.2.2/lib/ruby/gems/2.2.0/gems/web-console-2.2.1/lib/web_console/templates/_inner_console_markup.html.erb within layouts/inlined_string (0.4ms)
  Rendered /Users/rheaganapathy/.rbenv/versions/2.2.2/lib/ruby/gems/2.2.0/gems/web-console-2.2.1/lib/web_console/templates/_prompt_box_markup.html.erb within layouts/inlined_string (0.4ms)
  Rendered /Users/rheaganapathy/.rbenv/versions/2.2.2/lib/ruby/gems/2.2.0/gems/web-console-2.2.1/lib/web_console/templates/style.css.erb within layouts/inlined_string (0.5ms)
  Rendered /Users/rheaganapathy/.rbenv/versions/2.2.2/lib/ruby/gems/2.2.0/gems/web-console-2.2.1/lib/web_console/templates/console.js.erb within layouts/javascript (82.8ms)
  Rendered /Users/rheaganapathy/.rbenv/versions/2.2.2/lib/ruby/gems/2.2.0/gems/web-console-2.2.1/lib/web_console/templates/main.js.erb within layouts/javascript (0.4ms)
  Rendered /Users/rheaganapathy/.rbenv/versions/2.2.2/lib/ruby/gems/2.2.0/gems/web-console-2.2.1/lib/web_console/templates/error_page.js.erb within layouts/javascript (0.5ms)
  Rendered /Users/rheaganapathy/.rbenv/versions/2.2.2/lib/ruby/gems/2.2.0/gems/web-console-2.2.1/lib/web_console/templates/index.html.erb (184.6ms)


Started GET "/plants/1" for ::1 at 2015-07-27 18:02:02 -0400
Processing by PlantsController#show as HTML
  Parameters: {"id"=>"1"}
  [1m[35mPlant Load (0.6ms)[0m  SELECT  "plants".* FROM "plants" WHERE "plants"."id" = $1 LIMIT 1  [["id", 1]]
  Rendered plants/show.html.erb within layouts/application (3.8ms)
Completed 500 Internal Server Error in 10ms (ActiveRecord: 0.6ms)

ActionView::Template::Error (undefined method `name' for #<Plant:0x007fe5c5c51e28>):
    1: <h1><%= @plant.name %></h1>
    2: 
    3: <%= link_to "Back to All Plants", plants_url %>
    4: <%= link_to "Edit", edit_plant_path(@plant) %>
  app/views/plants/show.html.erb:1:in `_app_views_plants_show_html_erb___3896757609153831578_70312452156560'


  Rendered /Users/rheaganapathy/.rbenv/versions/2.2.2/lib/ruby/gems/2.2.0/gems/actionpack-4.2.2/lib/action_dispatch/middleware/templates/rescues/_source.erb (10.7ms)
  Rendered /Users/rheaganapathy/.rbenv/versions/2.2.2/lib/ruby/gems/2.2.0/gems/actionpack-4.2.2/lib/action_dispatch/middleware/templates/rescues/_trace.html.erb (4.2ms)
  Rendered /Users/rheaganapathy/.rbenv/versions/2.2.2/lib/ruby/gems/2.2.0/gems/actionpack-4.2.2/lib/action_dispatch/middleware/templates/rescues/_request_and_response.html.erb (1.4ms)
  Rendered /Users/rheaganapathy/.rbenv/versions/2.2.2/lib/ruby/gems/2.2.0/gems/actionpack-4.2.2/lib/action_dispatch/middleware/templates/rescues/template_error.html.erb within rescues/layout (101.1ms)
  Rendered /Users/rheaganapathy/.rbenv/versions/2.2.2/lib/ruby/gems/2.2.0/gems/web-console-2.2.1/lib/web_console/templates/_markup.html.erb (0.6ms)
  Rendered /Users/rheaganapathy/.rbenv/versions/2.2.2/lib/ruby/gems/2.2.0/gems/web-console-2.2.1/lib/web_console/templates/_inner_console_markup.html.erb within layouts/inlined_string (0.4ms)
  Rendered /Users/rheaganapathy/.rbenv/versions/2.2.2/lib/ruby/gems/2.2.0/gems/web-console-2.2.1/lib/web_console/templates/_prompt_box_markup.html.erb within layouts/inlined_string (0.4ms)
  Rendered /Users/rheaganapathy/.rbenv/versions/2.2.2/lib/ruby/gems/2.2.0/gems/web-console-2.2.1/lib/web_console/templates/style.css.erb within layouts/inlined_string (0.5ms)
  Rendered /Users/rheaganapathy/.rbenv/versions/2.2.2/lib/ruby/gems/2.2.0/gems/web-console-2.2.1/lib/web_console/templates/console.js.erb within layouts/javascript (84.4ms)
  Rendered /Users/rheaganapathy/.rbenv/versions/2.2.2/lib/ruby/gems/2.2.0/gems/web-console-2.2.1/lib/web_console/templates/main.js.erb within layouts/javascript (0.4ms)
  Rendered /Users/rheaganapathy/.rbenv/versions/2.2.2/lib/ruby/gems/2.2.0/gems/web-console-2.2.1/lib/web_console/templates/error_page.js.erb within layouts/javascript (0.6ms)
  Rendered /Users/rheaganapathy/.rbenv/versions/2.2.2/lib/ruby/gems/2.2.0/gems/web-console-2.2.1/lib/web_console/templates/index.html.erb (188.3ms)


Started GET "/plants/1" for ::1 at 2015-07-27 18:02:25 -0400
Processing by PlantsController#show as HTML
  Parameters: {"id"=>"1"}
  [1m[36mPlant Load (1.2ms)[0m  [1mSELECT  "plants".* FROM "plants" WHERE "plants"."id" = $1 LIMIT 1[0m  [["id", 1]]
  Rendered plants/show.html.erb within layouts/application (4.8ms)
Completed 500 Internal Server Error in 12ms (ActiveRecord: 1.2ms)

ActionView::Template::Error (undefined method `name' for #<Plant:0x007fe5c977e348>):
     6: 
     7: 
     8: <div class="plant_info">
     9:   <p><%= @plant.name %></p>
    10:   <p><%= @plant.description %></p>
    11:   <p><%= @plant.moisture_threshold %></p>
    12:   <p><%= @plant.temp_threshold %></p>
  app/views/plants/show.html.erb:9:in `_app_views_plants_show_html_erb___3896757609153831578_70312452154420'


  Rendered /Users/rheaganapathy/.rbenv/versions/2.2.2/lib/ruby/gems/2.2.0/gems/actionpack-4.2.2/lib/action_dispatch/middleware/templates/rescues/_source.erb (10.3ms)
  Rendered /Users/rheaganapathy/.rbenv/versions/2.2.2/lib/ruby/gems/2.2.0/gems/actionpack-4.2.2/lib/action_dispatch/middleware/templates/rescues/_trace.html.erb (4.4ms)
  Rendered /Users/rheaganapathy/.rbenv/versions/2.2.2/lib/ruby/gems/2.2.0/gems/actionpack-4.2.2/lib/action_dispatch/middleware/templates/rescues/_request_and_response.html.erb (1.4ms)
  Rendered /Users/rheaganapathy/.rbenv/versions/2.2.2/lib/ruby/gems/2.2.0/gems/actionpack-4.2.2/lib/action_dispatch/middleware/templates/rescues/template_error.html.erb within rescues/layout (99.8ms)
  Rendered /Users/rheaganapathy/.rbenv/versions/2.2.2/lib/ruby/gems/2.2.0/gems/web-console-2.2.1/lib/web_console/templates/_markup.html.erb (0.5ms)
  Rendered /Users/rheaganapathy/.rbenv/versions/2.2.2/lib/ruby/gems/2.2.0/gems/web-console-2.2.1/lib/web_console/templates/_inner_console_markup.html.erb within layouts/inlined_string (0.5ms)
  Rendered /Users/rheaganapathy/.rbenv/versions/2.2.2/lib/ruby/gems/2.2.0/gems/web-console-2.2.1/lib/web_console/templates/_prompt_box_markup.html.erb within layouts/inlined_string (0.5ms)
  Rendered /Users/rheaganapathy/.rbenv/versions/2.2.2/lib/ruby/gems/2.2.0/gems/web-console-2.2.1/lib/web_console/templates/style.css.erb within layouts/inlined_string (0.5ms)
  Rendered /Users/rheaganapathy/.rbenv/versions/2.2.2/lib/ruby/gems/2.2.0/gems/web-console-2.2.1/lib/web_console/templates/console.js.erb within layouts/javascript (84.1ms)
  Rendered /Users/rheaganapathy/.rbenv/versions/2.2.2/lib/ruby/gems/2.2.0/gems/web-console-2.2.1/lib/web_console/templates/main.js.erb within layouts/javascript (0.5ms)
  Rendered /Users/rheaganapathy/.rbenv/versions/2.2.2/lib/ruby/gems/2.2.0/gems/web-console-2.2.1/lib/web_console/templates/error_page.js.erb within layouts/javascript (0.6ms)
  Rendered /Users/rheaganapathy/.rbenv/versions/2.2.2/lib/ruby/gems/2.2.0/gems/web-console-2.2.1/lib/web_console/templates/index.html.erb (186.3ms)


Started GET "/plants/1" for ::1 at 2015-07-27 18:02:52 -0400
Processing by PlantsController#show as HTML
  Parameters: {"id"=>"1"}
  [1m[35mPlant Load (0.5ms)[0m  SELECT  "plants".* FROM "plants" WHERE "plants"."id" = $1 LIMIT 1  [["id", 1]]
  Rendered plants/show.html.erb within layouts/application (1.8ms)
Completed 200 OK in 59ms (Views: 57.2ms | ActiveRecord: 0.5ms)


Started GET "/assets/application.self-e80e8f2318043e8af94dddc2adad5a4f09739a8ebb323b3ab31cd71d45fd9113.css?body=1" for ::1 at 2015-07-27 18:02:52 -0400


Started GET "/assets/plants.self-e3b0c44298fc1c149afbf4c8996fb92427ae41e4649b934ca495991b7852b855.css?body=1" for ::1 at 2015-07-27 18:02:52 -0400


Started GET "/assets/jquery.self-d03a5518f45df77341bdbe6201ba3bfa547ebba8ed64f0ea56bfa5f96ea7c074.js?body=1" for ::1 at 2015-07-27 18:02:52 -0400


Started GET "/assets/jquery_ujs.self-ca5248a2fad13d6bd58ea121318d642f195f0b2dd818b30615f785ff365e8d1f.js?body=1" for ::1 at 2015-07-27 18:02:52 -0400


Started GET "/assets/plants.self-877aef30ae1b040ab8a3aba4e3e309a11d7f2612f44dde450b5c157aa5f95c05.js?body=1" for ::1 at 2015-07-27 18:02:52 -0400


Started GET "/assets/turbolinks.self-c37727e9bd6b2735da5c311aa83fead54ed0be6cc8bd9a65309e9c5abe2cbfff.js?body=1" for ::1 at 2015-07-27 18:02:52 -0400


Started GET "/assets/application.self-3b8dabdc891efe46b9a144b400ad69e37d7e5876bdc39dee783419a69d7ca819.js?body=1" for ::1 at 2015-07-27 18:02:52 -0400
  [1m[36mActiveRecord::SchemaMigration Load (55.9ms)[0m  [1mSELECT "schema_migrations".* FROM "schema_migrations"[0m
Migrating to SorceryCore (20150728182406)
  [1m[35m (0.4ms)[0m  BEGIN
DEPRECATION WARNING: `#timestamp` was called without specifying an option for `null`. In Rails 5, this behavior will change to `null: false`. You should manually specify `null: true` to prevent the behavior of your existing migrations from changing. (called from block in change at /Users/rheaganapathy/code/GNOMELY/db/migrate/20150728182406_sorcery_core.rb:8)
  [1m[36m (501.4ms)[0m  [1mCREATE TABLE "users" ("id" serial primary key, "email" character varying NOT NULL, "crypted_password" character varying, "salt" character varying, "created_at" timestamp, "updated_at" timestamp) [0m
PG::DuplicateTable: ERROR:  relation "users" already exists
: CREATE TABLE "users" ("id" serial primary key, "email" character varying NOT NULL, "crypted_password" character varying, "salt" character varying, "created_at" timestamp, "updated_at" timestamp) 
  [1m[35m (0.3ms)[0m  ROLLBACK
  [1m[36mActiveRecord::SchemaMigration Load (0.6ms)[0m  [1mSELECT "schema_migrations".* FROM "schema_migrations"[0m
Migrating to SorceryCore (20150728182406)
  [1m[35m (0.3ms)[0m  BEGIN
DEPRECATION WARNING: `#timestamp` was called without specifying an option for `null`. In Rails 5, this behavior will change to `null: false`. You should manually specify `null: true` to prevent the behavior of your existing migrations from changing. (called from block in change at /Users/rheaganapathy/code/GNOMELY/db/migrate/20150728182406_sorcery_core.rb:8)
  [1m[36m (4.5ms)[0m  [1mCREATE TABLE "users" ("id" serial primary key, "email" character varying NOT NULL, "crypted_password" character varying, "salt" character varying, "created_at" timestamp, "updated_at" timestamp) [0m
PG::DuplicateTable: ERROR:  relation "users" already exists
: CREATE TABLE "users" ("id" serial primary key, "email" character varying NOT NULL, "crypted_password" character varying, "salt" character varying, "created_at" timestamp, "updated_at" timestamp) 
  [1m[35m (0.2ms)[0m  ROLLBACK
  [1m[36mActiveRecord::SchemaMigration Load (0.7ms)[0m  [1mSELECT "schema_migrations".* FROM "schema_migrations"[0m
Migrating to SorceryCore (20150728182406)
  [1m[35m (0.3ms)[0m  BEGIN
DEPRECATION WARNING: `#timestamp` was called without specifying an option for `null`. In Rails 5, this behavior will change to `null: false`. You should manually specify `null: true` to prevent the behavior of your existing migrations from changing. (called from block in change at /Users/rheaganapathy/code/GNOMELY/db/migrate/20150728182406_sorcery_core.rb:8)
  [1m[36m (4.7ms)[0m  [1mCREATE TABLE "users" ("id" serial primary key, "email" character varying NOT NULL, "crypted_password" character varying, "salt" character varying, "created_at" timestamp, "updated_at" timestamp) [0m
PG::DuplicateTable: ERROR:  relation "users" already exists
: CREATE TABLE "users" ("id" serial primary key, "email" character varying NOT NULL, "crypted_password" character varying, "salt" character varying, "created_at" timestamp, "updated_at" timestamp) 
  [1m[35m (0.2ms)[0m  ROLLBACK
  [1m[36mActiveRecord::SchemaMigration Load (0.7ms)[0m  [1mSELECT "schema_migrations".* FROM "schema_migrations"[0m
Migrating to SorceryCore (20150728182406)
  [1m[35m (0.3ms)[0m  BEGIN
DEPRECATION WARNING: `#timestamp` was called without specifying an option for `null`. In Rails 5, this behavior will change to `null: false`. You should manually specify `null: true` to prevent the behavior of your existing migrations from changing. (called from block in change at /Users/rheaganapathy/code/GNOMELY/db/migrate/20150728182406_sorcery_core.rb:8)
  [1m[36m (4.6ms)[0m  [1mCREATE TABLE "users" ("id" serial primary key, "email" character varying NOT NULL, "crypted_password" character varying, "salt" character varying, "created_at" timestamp, "updated_at" timestamp) [0m
PG::DuplicateTable: ERROR:  relation "users" already exists
: CREATE TABLE "users" ("id" serial primary key, "email" character varying NOT NULL, "crypted_password" character varying, "salt" character varying, "created_at" timestamp, "updated_at" timestamp) 
  [1m[35m (0.2ms)[0m  ROLLBACK
  [1m[36mActiveRecord::SchemaMigration Load (0.8ms)[0m  [1mSELECT "schema_migrations".* FROM "schema_migrations"[0m
Migrating to AddSorceryColumnsToUsers (20150728190644)
  [1m[35m (0.3ms)[0m  BEGIN
  [1m[36m (109.1ms)[0m  [1mALTER TABLE "users" ADD "crypted_password" character varying[0m
  [1m[35m (0.7ms)[0m  ALTER TABLE "users" ADD "salt" character varying
  [1m[36m (3.5ms)[0m  [1mCREATE UNIQUE INDEX  "index_users_on_email" ON "users"  ("email")[0m
  [1m[35mSQL (0.7ms)[0m  INSERT INTO "schema_migrations" ("version") VALUES ($1)  [["version", "20150728190644"]]
  [1m[36m (20.3ms)[0m  [1mCOMMIT[0m
  [1m[35mActiveRecord::SchemaMigration Load (0.4ms)[0m  SELECT "schema_migrations".* FROM "schema_migrations"
  [1m[36m (6.9ms)[0m  [1mSELECT t2.oid::regclass::text AS to_table, a1.attname AS column, a2.attname AS primary_key, c.conname AS name, c.confupdtype AS on_update, c.confdeltype AS on_delete
FROM pg_constraint c
JOIN pg_class t1 ON c.conrelid = t1.oid
JOIN pg_class t2 ON c.confrelid = t2.oid
JOIN pg_attribute a1 ON a1.attnum = c.conkey[1] AND a1.attrelid = t1.oid
JOIN pg_attribute a2 ON a2.attnum = c.confkey[1] AND a2.attrelid = t2.oid
JOIN pg_namespace t3 ON c.connamespace = t3.oid
WHERE c.contype = 'f'
  AND t1.relname = 'plants'
  AND t3.nspname = ANY (current_schemas(false))
ORDER BY c.conname
[0m
  [1m[35m (5.4ms)[0m  SELECT t2.oid::regclass::text AS to_table, a1.attname AS column, a2.attname AS primary_key, c.conname AS name, c.confupdtype AS on_update, c.confdeltype AS on_delete
FROM pg_constraint c
JOIN pg_class t1 ON c.conrelid = t1.oid
JOIN pg_class t2 ON c.confrelid = t2.oid
JOIN pg_attribute a1 ON a1.attnum = c.conkey[1] AND a1.attrelid = t1.oid
JOIN pg_attribute a2 ON a2.attnum = c.confkey[1] AND a2.attrelid = t2.oid
JOIN pg_namespace t3 ON c.connamespace = t3.oid
WHERE c.contype = 'f'
  AND t1.relname = 'users'
  AND t3.nspname = ANY (current_schemas(false))
ORDER BY c.conname

  [1m[36m (5101.5ms)[0m  [1mDROP DATABASE IF EXISTS "gnomely_development"[0m
PG::ObjectInUse: ERROR:  database "gnomely_development" is being accessed by other users
DETAIL:  There is 1 other session using the database.
: DROP DATABASE IF EXISTS "gnomely_development"
  [1m[35m (247.0ms)[0m  DROP DATABASE IF EXISTS "gnomely_test"
  [1m[36m (33.5ms)[0m  [1mCREATE DATABASE "gnomely_development" ENCODING = 'utf8'[0m
PG::DuplicateDatabase: ERROR:  database "gnomely_development" already exists
: CREATE DATABASE "gnomely_development" ENCODING = 'utf8'
  [1m[35m (1208.9ms)[0m  CREATE DATABASE "gnomely_test" ENCODING = 'utf8'
  [1m[36mSQL (85.3ms)[0m  [1mCREATE EXTENSION IF NOT EXISTS "plpgsql"[0m
  [1m[35m (126.5ms)[0m  DROP TABLE "plants" CASCADE
  [1m[36m (11.3ms)[0m  [1mCREATE TABLE "plants" ("id" serial primary key, "plant_name" character varying, "description" text, "notes" text, "moisture_threshold" integer, "temp_threshold" integer, "sensor_id" integer, "user_id" integer, "created_at" timestamp NOT NULL, "updated_at" timestamp NOT NULL) [0m
  [1m[35m (2.0ms)[0m  CREATE  INDEX  "index_plants_on_sensor_id" ON "plants" USING btree ("sensor_id")
  [1m[36m (1.9ms)[0m  [1mCREATE  INDEX  "index_plants_on_user_id" ON "plants" USING btree ("user_id")[0m
  [1m[35m (4.0ms)[0m  DROP TABLE "users" CASCADE
  [1m[36m (6.8ms)[0m  [1mCREATE TABLE "users" ("id" serial primary key, "first_name" character varying, "last_name" character varying, "email" character varying, "password_digest" character varying, "created_at" timestamp NOT NULL, "updated_at" timestamp NOT NULL, "crypted_password" character varying, "salt" character varying) [0m
  [1m[35m (2.3ms)[0m  CREATE UNIQUE INDEX  "index_users_on_email" ON "users" USING btree ("email")
  [1m[36m (1.0ms)[0m  [1mSELECT version FROM "schema_migrations"[0m
  [1m[35mSQL (0.6ms)[0m  CREATE EXTENSION IF NOT EXISTS "plpgsql"
  [1m[36m (10.7ms)[0m  [1mCREATE TABLE "plants" ("id" serial primary key, "plant_name" character varying, "description" text, "notes" text, "moisture_threshold" integer, "temp_threshold" integer, "sensor_id" integer, "user_id" integer, "created_at" timestamp NOT NULL, "updated_at" timestamp NOT NULL) [0m
  [1m[35m (2.0ms)[0m  CREATE  INDEX  "index_plants_on_sensor_id" ON "plants" USING btree ("sensor_id")
  [1m[36m (2.1ms)[0m  [1mCREATE  INDEX  "index_plants_on_user_id" ON "plants" USING btree ("user_id")[0m
  [1m[35m (11.3ms)[0m  CREATE TABLE "users" ("id" serial primary key, "first_name" character varying, "last_name" character varying, "email" character varying, "password_digest" character varying, "created_at" timestamp NOT NULL, "updated_at" timestamp NOT NULL, "crypted_password" character varying, "salt" character varying) 
  [1m[36m (2.3ms)[0m  [1mCREATE UNIQUE INDEX  "index_users_on_email" ON "users" USING btree ("email")[0m
  [1m[35m (3.6ms)[0m  CREATE TABLE "schema_migrations" ("version" character varying NOT NULL) 
  [1m[36m (2.1ms)[0m  [1mCREATE UNIQUE INDEX  "unique_schema_migrations" ON "schema_migrations"  ("version")[0m
  [1m[35m (0.7ms)[0m  SELECT version FROM "schema_migrations"
  [1m[36m (0.9ms)[0m  [1mINSERT INTO "schema_migrations" (version) VALUES ('20150728190644')[0m
  [1m[35m (1.5ms)[0m  INSERT INTO "schema_migrations" (version) VALUES ('20150727192420')
  [1m[36m (0.6ms)[0m  [1mINSERT INTO "schema_migrations" (version) VALUES ('20150727193027')[0m
  [1m[35m (0.7ms)[0m  INSERT INTO "schema_migrations" (version) VALUES ('20150727193631')
  [1m[36mActiveRecord::SchemaMigration Load (0.8ms)[0m  [1mSELECT "schema_migrations".* FROM "schema_migrations"[0m
  [1m[36mActiveRecord::SchemaMigration Load (0.7ms)[0m  [1mSELECT "schema_migrations".* FROM "schema_migrations"[0m
Migrating to RemovePasswordDigestFromUsers (20150728191413)
  [1m[35m (0.3ms)[0m  BEGIN
  [1m[36m (49.2ms)[0m  [1mALTER TABLE "users" DROP "password_digest"[0m
  [1m[35mSQL (0.5ms)[0m  INSERT INTO "schema_migrations" ("version") VALUES ($1)  [["version", "20150728191413"]]
  [1m[36m (0.7ms)[0m  [1mCOMMIT[0m
  [1m[35mActiveRecord::SchemaMigration Load (0.3ms)[0m  SELECT "schema_migrations".* FROM "schema_migrations"
  [1m[36m (6.2ms)[0m  [1mSELECT t2.oid::regclass::text AS to_table, a1.attname AS column, a2.attname AS primary_key, c.conname AS name, c.confupdtype AS on_update, c.confdeltype AS on_delete
FROM pg_constraint c
JOIN pg_class t1 ON c.conrelid = t1.oid
JOIN pg_class t2 ON c.confrelid = t2.oid
JOIN pg_attribute a1 ON a1.attnum = c.conkey[1] AND a1.attrelid = t1.oid
JOIN pg_attribute a2 ON a2.attnum = c.confkey[1] AND a2.attrelid = t2.oid
JOIN pg_namespace t3 ON c.connamespace = t3.oid
WHERE c.contype = 'f'
  AND t1.relname = 'plants'
  AND t3.nspname = ANY (current_schemas(false))
ORDER BY c.conname
[0m
  [1m[35m (5.3ms)[0m  SELECT t2.oid::regclass::text AS to_table, a1.attname AS column, a2.attname AS primary_key, c.conname AS name, c.confupdtype AS on_update, c.confdeltype AS on_delete
FROM pg_constraint c
JOIN pg_class t1 ON c.conrelid = t1.oid
JOIN pg_class t2 ON c.confrelid = t2.oid
JOIN pg_attribute a1 ON a1.attnum = c.conkey[1] AND a1.attrelid = t1.oid
JOIN pg_attribute a2 ON a2.attnum = c.confkey[1] AND a2.attrelid = t2.oid
JOIN pg_namespace t3 ON c.connamespace = t3.oid
WHERE c.contype = 'f'
  AND t1.relname = 'users'
  AND t3.nspname = ANY (current_schemas(false))
ORDER BY c.conname

